2022-12-01T06:28:52+00:00 CRITICAL Uncaught (Status 404) (Request req_edd42dO1lSxIPG) No such invoice: 'ii_1MA6GOGar99af23DRdpwrzGh'
  thrown in /opt/lampp/htdocs/wordpress/vendor/stripe-php/lib/Exception/ApiErrorException.php on line 38

2022-12-01T06:29:13+00:00 CRITICAL Uncaught (Status 404) (Request req_kz6dyEOhwPUvgq) No such invoice: 'ii_1MA6GiGar99af23DHBh7UJ7W'
  thrown in /opt/lampp/htdocs/wordpress/vendor/stripe-php/lib/Exception/ApiErrorException.php on line 38

2022-12-01T06:29:35+00:00 CRITICAL Uncaught (Status 404) (Request req_yf5HYLhou17rIh) No such invoice: 'ii_1MA6H4Gar99af23D9M5b4jHG'
  thrown in /opt/lampp/htdocs/wordpress/vendor/stripe-php/lib/Exception/ApiErrorException.php on line 38

2022-12-01T06:34:23+00:00 CRITICAL Uncaught (Status 400) (Request req_B6ct2vfxjc2DEp) Received unknown parameter: amount
  thrown in /opt/lampp/htdocs/wordpress/vendor/stripe-php/lib/Exception/ApiErrorException.php on line 38

2022-12-01T06:34:31+00:00 CRITICAL Uncaught (Status 400) (Request req_2gnDNE3ZmsaqvY) Nothing to invoice for customer
  thrown in /opt/lampp/htdocs/wordpress/vendor/stripe-php/lib/Exception/ApiErrorException.php on line 38

2022-12-01T06:35:36+00:00 CRITICAL Uncaught (Status 400) (Request req_yDwzlQmWOi1YuB) Nothing to invoice for customer
  thrown in /opt/lampp/htdocs/wordpress/vendor/stripe-php/lib/Exception/ApiErrorException.php on line 38

2022-12-01T06:37:34+00:00 CRITICAL Uncaught (Status 400) (Request req_8xG8vxku2hC7sW) Nothing to invoice for customer
  thrown in /opt/lampp/htdocs/wordpress/vendor/stripe-php/lib/Exception/ApiErrorException.php on line 38

2022-12-01T11:28:32+00:00 CRITICAL Uncaught Error: Failed opening required '/opt/lampp/htdocs/wordpress/wp-content/themes/storefront-child/vendor/autoload.php' (include_path='.:/opt/lampp/lib/php') in /opt/lampp/htdocs/wordpress/wp-content/themes/storefront-child/functions.php:5
Stack trace:
#0 /opt/lampp/htdocs/wordpress/wp-settings.php(585): include()
#1 /opt/lampp/htdocs/wordpress/wp-config.php(106): require_once('/opt/lampp/htdo...')
#2 /opt/lampp/htdocs/wordpress/wp-load.php(50): require_once('/opt/lampp/htdo...')
#3 /opt/lampp/htdocs/wordpress/wp-blog-header.php(13): require_once('/opt/lampp/htdo...')
#4 /opt/lampp/htdocs/wordpress/index.php(17): require('/opt/lampp/htdo...')
#5 {main}
  thrown in /opt/lampp/htdocs/wordpress/wp-content/themes/storefront-child/functions.php on line 5

2022-12-01T11:28:43+00:00 CRITICAL Uncaught Error: Failed opening required '/opt/lampp/htdocs/wordpress/wp-content/themes/storefront-child/vendor/autoload.php' (include_path='.:/opt/lampp/lib/php') in /opt/lampp/htdocs/wordpress/wp-content/themes/storefront-child/functions.php:5
Stack trace:
#0 /opt/lampp/htdocs/wordpress/wp-settings.php(585): include()
#1 /opt/lampp/htdocs/wordpress/wp-config.php(106): require_once('/opt/lampp/htdo...')
#2 /opt/lampp/htdocs/wordpress/wp-load.php(50): require_once('/opt/lampp/htdo...')
#3 /opt/lampp/htdocs/wordpress/wp-blog-header.php(13): require_once('/opt/lampp/htdo...')
#4 /opt/lampp/htdocs/wordpress/index.php(17): require('/opt/lampp/htdo...')
#5 {main}
  thrown in /opt/lampp/htdocs/wordpress/wp-content/themes/storefront-child/functions.php on line 5

2022-12-01T11:29:02+00:00 CRITICAL Uncaught Error: Class "Automattic\WooCommerce\Client" not found in /opt/lampp/htdocs/wordpress/wp-content/themes/storefront-child/functions.php:7
Stack trace:
#0 /opt/lampp/htdocs/wordpress/wp-settings.php(585): include()
#1 /opt/lampp/htdocs/wordpress/wp-config.php(106): require_once('/opt/lampp/htdo...')
#2 /opt/lampp/htdocs/wordpress/wp-load.php(50): require_once('/opt/lampp/htdo...')
#3 /opt/lampp/htdocs/wordpress/wp-blog-header.php(13): require_once('/opt/lampp/htdo...')
#4 /opt/lampp/htdocs/wordpress/index.php(17): require('/opt/lampp/htdo...')
#5 {main}
  thrown in /opt/lampp/htdocs/wordpress/wp-content/themes/storefront-child/functions.php on line 7

2022-12-01T11:29:31+00:00 CRITICAL Uncaught Error: Class "Automattic\WooCommerce\Client" not found in /opt/lampp/htdocs/wordpress/wp-content/themes/storefront-child/functions.php:7
Stack trace:
#0 /opt/lampp/htdocs/wordpress/wp-settings.php(585): include()
#1 /opt/lampp/htdocs/wordpress/wp-config.php(106): require_once('/opt/lampp/htdo...')
#2 /opt/lampp/htdocs/wordpress/wp-load.php(50): require_once('/opt/lampp/htdo...')
#3 /opt/lampp/htdocs/wordpress/wp-admin/admin-ajax.php(22): require_once('/opt/lampp/htdo...')
#4 {main}
  thrown in /opt/lampp/htdocs/wordpress/wp-content/themes/storefront-child/functions.php on line 7

2022-12-01T11:41:41+00:00 CRITICAL syntax error, unexpected token "use" in /opt/lampp/htdocs/wordpress/wp-content/themes/storefront-child/functions.php on line 149

