2022-12-02T02:45:59+00:00 CRITICAL Uncaught Error: Call to a member function is_registration_enabled() on null in /opt/lampp/htdocs/wordpress/wp-content/themes/storefront-child/pages/index.php:88
Stack trace:
#0 /opt/lampp/htdocs/wordpress/wp-includes/template-loader.php(106): include()
#1 /opt/lampp/htdocs/wordpress/wp-blog-header.php(19): require_once('/opt/lampp/htdo...')
#2 /opt/lampp/htdocs/wordpress/index.php(17): require('/opt/lampp/htdo...')
#3 {main}
  thrown in /opt/lampp/htdocs/wordpress/wp-content/themes/storefront-child/pages/index.php on line 88

2022-12-02T02:46:24+00:00 CRITICAL Uncaught Error: Call to a member function is_registration_enabled() on null in /opt/lampp/htdocs/wordpress/wp-content/themes/storefront-child/pages/index.php:88
Stack trace:
#0 /opt/lampp/htdocs/wordpress/wp-includes/template-loader.php(106): include()
#1 /opt/lampp/htdocs/wordpress/wp-blog-header.php(19): require_once('/opt/lampp/htdo...')
#2 /opt/lampp/htdocs/wordpress/index.php(17): require('/opt/lampp/htdo...')
#3 {main}
  thrown in /opt/lampp/htdocs/wordpress/wp-content/themes/storefront-child/pages/index.php on line 88

2022-12-02T02:46:32+00:00 CRITICAL Uncaught Error: Call to a member function is_registration_enabled() on null in /opt/lampp/htdocs/wordpress/wp-content/themes/storefront-child/pages/index.php:88
Stack trace:
#0 /opt/lampp/htdocs/wordpress/wp-includes/template-loader.php(106): include()
#1 /opt/lampp/htdocs/wordpress/wp-blog-header.php(19): require_once('/opt/lampp/htdo...')
#2 /opt/lampp/htdocs/wordpress/index.php(17): require('/opt/lampp/htdo...')
#3 {main}
  thrown in /opt/lampp/htdocs/wordpress/wp-content/themes/storefront-child/pages/index.php on line 88

2022-12-02T02:46:35+00:00 CRITICAL Uncaught Error: Call to a member function is_registration_enabled() on null in /opt/lampp/htdocs/wordpress/wp-content/themes/storefront-child/pages/index.php:88
Stack trace:
#0 /opt/lampp/htdocs/wordpress/wp-includes/template-loader.php(106): include()
#1 /opt/lampp/htdocs/wordpress/wp-blog-header.php(19): require_once('/opt/lampp/htdo...')
#2 /opt/lampp/htdocs/wordpress/index.php(17): require('/opt/lampp/htdo...')
#3 {main}
  thrown in /opt/lampp/htdocs/wordpress/wp-content/themes/storefront-child/pages/index.php on line 88

2022-12-02T02:48:16+00:00 CRITICAL Uncaught (Status 400) (Request req_IDWohuYJic7x5l) Amount must convert to at least 50 JPY. ฿10.99 converts to approximately ¥43.
  thrown in /opt/lampp/htdocs/wordpress/vendor/stripe-php/lib/Exception/ApiErrorException.php on line 38

2022-12-02T02:48:17+00:00 CRITICAL Uncaught (Status 400) (Request req_qleh2mcQBtbDge) Amount must convert to at least 50 JPY. ฿10.99 converts to approximately ¥43.
  thrown in /opt/lampp/htdocs/wordpress/vendor/stripe-php/lib/Exception/ApiErrorException.php on line 38

2022-12-02T02:48:22+00:00 CRITICAL Uncaught (Status 400) (Request req_dJwrJkUxeaELEM) Amount must convert to at least 50 JPY. ฿10.99 converts to approximately ¥43.
  thrown in /opt/lampp/htdocs/wordpress/vendor/stripe-php/lib/Exception/ApiErrorException.php on line 38

2022-12-02T02:48:25+00:00 CRITICAL Uncaught (Status 400) (Request req_aKRFAbxqemtUFU) Amount must convert to at least 50 JPY. ฿10.99 converts to approximately ¥43.
  thrown in /opt/lampp/htdocs/wordpress/vendor/stripe-php/lib/Exception/ApiErrorException.php on line 38

2022-12-02T02:48:29+00:00 CRITICAL Uncaught (Status 400) (Request req_ijjr5pxekYbDwi) Amount must convert to at least 50 JPY. ฿10.99 converts to approximately ¥43.
  thrown in /opt/lampp/htdocs/wordpress/vendor/stripe-php/lib/Exception/ApiErrorException.php on line 38

2022-12-02T02:48:35+00:00 CRITICAL Uncaught (Status 400) (Request req_S1NemVpdXPWmYW) Amount must convert to at least 50 JPY. ฿10.99 converts to approximately ¥43.
  thrown in /opt/lampp/htdocs/wordpress/vendor/stripe-php/lib/Exception/ApiErrorException.php on line 38

2022-12-02T02:48:41+00:00 CRITICAL Uncaught (Status 400) (Request req_sm2I578TsjYyBp) Amount must convert to at least 50 JPY. ฿10.99 converts to approximately ¥43.
  thrown in /opt/lampp/htdocs/wordpress/vendor/stripe-php/lib/Exception/ApiErrorException.php on line 38

2022-12-02T02:49:02+00:00 CRITICAL Uncaught (Status 400) (Request req_m8b4686M6ABJjS) Amount must convert to at least 50 JPY. ฿10.99 converts to approximately ¥43.
  thrown in /opt/lampp/htdocs/wordpress/vendor/stripe-php/lib/Exception/ApiErrorException.php on line 38

2022-12-02T02:49:09+00:00 CRITICAL Uncaught (Status 400) (Request req_xG0UXHKGWwHhsH) Amount must convert to at least 50 JPY. ฿10.99 converts to approximately ¥43.
  thrown in /opt/lampp/htdocs/wordpress/vendor/stripe-php/lib/Exception/ApiErrorException.php on line 38

2022-12-02T02:49:11+00:00 CRITICAL Uncaught (Status 400) (Request req_idVel8kBtmepj2) Amount must convert to at least 50 JPY. ฿10.99 converts to approximately ¥43.
  thrown in /opt/lampp/htdocs/wordpress/vendor/stripe-php/lib/Exception/ApiErrorException.php on line 38

2022-12-02T02:49:12+00:00 CRITICAL Uncaught (Status 400) (Request req_5TbaifepfhiSl6) Amount must convert to at least 50 JPY. ฿10.99 converts to approximately ¥43.
  thrown in /opt/lampp/htdocs/wordpress/vendor/stripe-php/lib/Exception/ApiErrorException.php on line 38

2022-12-02T02:49:15+00:00 CRITICAL Uncaught (Status 400) (Request req_lFLRzPtAxow0Gy) Amount must convert to at least 50 JPY. ฿10.99 converts to approximately ¥43.
  thrown in /opt/lampp/htdocs/wordpress/vendor/stripe-php/lib/Exception/ApiErrorException.php on line 38

2022-12-02T02:49:29+00:00 CRITICAL Uncaught (Status 400) (Request req_exMSp54cVWg5ec) Amount must convert to at least 50 JPY. ฿10.99 converts to approximately ¥43.
  thrown in /opt/lampp/htdocs/wordpress/vendor/stripe-php/lib/Exception/ApiErrorException.php on line 38

2022-12-02T02:49:34+00:00 CRITICAL Uncaught (Status 400) (Request req_SwjiXXD93DswRI) Amount must convert to at least 50 JPY. ฿10.99 converts to approximately ¥43.
  thrown in /opt/lampp/htdocs/wordpress/vendor/stripe-php/lib/Exception/ApiErrorException.php on line 38

2022-12-02T02:49:39+00:00 CRITICAL Uncaught (Status 400) (Request req_eqrwhRh7EGquVy) Amount must convert to at least 50 JPY. ฿10.99 converts to approximately ¥43.
  thrown in /opt/lampp/htdocs/wordpress/vendor/stripe-php/lib/Exception/ApiErrorException.php on line 38

2022-12-02T02:49:49+00:00 CRITICAL Uncaught (Status 400) (Request req_qtv5MZ1377sSlZ) Amount must convert to at least 50 JPY. ฿10.99 converts to approximately ¥43.
  thrown in /opt/lampp/htdocs/wordpress/vendor/stripe-php/lib/Exception/ApiErrorException.php on line 38

2022-12-02T02:50:52+00:00 CRITICAL Uncaught Error: Call to a member function is_registration_enabled() on null in /opt/lampp/htdocs/wordpress/wp-content/themes/storefront-child/pages/index.php:25
Stack trace:
#0 /opt/lampp/htdocs/wordpress/wp-includes/template-loader.php(106): include()
#1 /opt/lampp/htdocs/wordpress/wp-blog-header.php(19): require_once('/opt/lampp/htdo...')
#2 /opt/lampp/htdocs/wordpress/index.php(17): require('/opt/lampp/htdo...')
#3 {main}
  thrown in /opt/lampp/htdocs/wordpress/wp-content/themes/storefront-child/pages/index.php on line 25

2022-12-02T03:05:12+00:00 CRITICAL Uncaught Error: Call to a member function is_registration_enabled() on null in /opt/lampp/htdocs/wordpress/wp-content/themes/storefront-child/pages/index.php:30
Stack trace:
#0 /opt/lampp/htdocs/wordpress/wp-includes/template-loader.php(106): include()
#1 /opt/lampp/htdocs/wordpress/wp-blog-header.php(19): require_once('/opt/lampp/htdo...')
#2 /opt/lampp/htdocs/wordpress/index.php(17): require('/opt/lampp/htdo...')
#3 {main}
  thrown in /opt/lampp/htdocs/wordpress/wp-content/themes/storefront-child/pages/index.php on line 30

2022-12-02T03:16:43+00:00 CRITICAL Uncaught Error: Call to a member function is_registration_enabled() on null in /opt/lampp/htdocs/wordpress/wp-content/themes/storefront-child/pages/index.php:30
Stack trace:
#0 /opt/lampp/htdocs/wordpress/wp-includes/template-loader.php(106): include()
#1 /opt/lampp/htdocs/wordpress/wp-blog-header.php(19): require_once('/opt/lampp/htdo...')
#2 /opt/lampp/htdocs/wordpress/index.php(17): require('/opt/lampp/htdo...')
#3 {main}
  thrown in /opt/lampp/htdocs/wordpress/wp-content/themes/storefront-child/pages/index.php on line 30

2022-12-02T03:16:44+00:00 CRITICAL Uncaught Error: Call to a member function is_registration_enabled() on null in /opt/lampp/htdocs/wordpress/wp-content/themes/storefront-child/pages/index.php:30
Stack trace:
#0 /opt/lampp/htdocs/wordpress/wp-includes/template-loader.php(106): include()
#1 /opt/lampp/htdocs/wordpress/wp-blog-header.php(19): require_once('/opt/lampp/htdo...')
#2 /opt/lampp/htdocs/wordpress/index.php(17): require('/opt/lampp/htdo...')
#3 {main}
  thrown in /opt/lampp/htdocs/wordpress/wp-content/themes/storefront-child/pages/index.php on line 30

2022-12-02T04:26:17+00:00 CRITICAL Uncaught Error: Call to a member function is_registration_enabled() on null in /opt/lampp/htdocs/wordpress/wp-content/themes/storefront-child/pages/index.php:30
Stack trace:
#0 /opt/lampp/htdocs/wordpress/wp-includes/template-loader.php(106): include()
#1 /opt/lampp/htdocs/wordpress/wp-blog-header.php(19): require_once('/opt/lampp/htdo...')
#2 /opt/lampp/htdocs/wordpress/index.php(17): require('/opt/lampp/htdo...')
#3 {main}
  thrown in /opt/lampp/htdocs/wordpress/wp-content/themes/storefront-child/pages/index.php on line 30

2022-12-02T04:26:20+00:00 CRITICAL Uncaught Error: Call to a member function is_registration_enabled() on null in /opt/lampp/htdocs/wordpress/wp-content/themes/storefront-child/pages/index.php:30
Stack trace:
#0 /opt/lampp/htdocs/wordpress/wp-includes/template-loader.php(106): include()
#1 /opt/lampp/htdocs/wordpress/wp-blog-header.php(19): require_once('/opt/lampp/htdo...')
#2 /opt/lampp/htdocs/wordpress/index.php(17): require('/opt/lampp/htdo...')
#3 {main}
  thrown in /opt/lampp/htdocs/wordpress/wp-content/themes/storefront-child/pages/index.php on line 30

2022-12-02T04:27:06+00:00 CRITICAL Uncaught Error: Call to a member function is_registration_enabled() on null in /opt/lampp/htdocs/wordpress/wp-content/themes/storefront-child/pages/index.php:30
Stack trace:
#0 /opt/lampp/htdocs/wordpress/wp-includes/template-loader.php(106): include()
#1 /opt/lampp/htdocs/wordpress/wp-blog-header.php(19): require_once('/opt/lampp/htdo...')
#2 /opt/lampp/htdocs/wordpress/index.php(17): require('/opt/lampp/htdo...')
#3 {main}
  thrown in /opt/lampp/htdocs/wordpress/wp-content/themes/storefront-child/pages/index.php on line 30

2022-12-02T09:26:51+00:00 CRITICAL Uncaught Error: Call to a member function get_description() on null in /opt/lampp/htdocs/wordpress/wp-content/themes/storefront-child/pages/index.php:9
Stack trace:
#0 /opt/lampp/htdocs/wordpress/wp-includes/template-loader.php(106): include()
#1 /opt/lampp/htdocs/wordpress/wp-blog-header.php(19): require_once('/opt/lampp/htdo...')
#2 /opt/lampp/htdocs/wordpress/index.php(17): require('/opt/lampp/htdo...')
#3 {main}
  thrown in /opt/lampp/htdocs/wordpress/wp-content/themes/storefront-child/pages/index.php on line 9

2022-12-02T09:27:11+00:00 CRITICAL Uncaught Error: Call to a member function get_description() on null in /opt/lampp/htdocs/wordpress/wp-content/themes/storefront-child/pages/index.php:9
Stack trace:
#0 /opt/lampp/htdocs/wordpress/wp-includes/template-loader.php(106): include()
#1 /opt/lampp/htdocs/wordpress/wp-blog-header.php(19): require_once('/opt/lampp/htdo...')
#2 /opt/lampp/htdocs/wordpress/index.php(17): require('/opt/lampp/htdo...')
#3 {main}
  thrown in /opt/lampp/htdocs/wordpress/wp-content/themes/storefront-child/pages/index.php on line 9

2022-12-02T09:28:42+00:00 CRITICAL Uncaught Error: Call to a member function get_description() on null in /opt/lampp/htdocs/wordpress/wp-content/themes/storefront-child/pages/index.php:9
Stack trace:
#0 /opt/lampp/htdocs/wordpress/wp-includes/template-loader.php(106): include()
#1 /opt/lampp/htdocs/wordpress/wp-blog-header.php(19): require_once('/opt/lampp/htdo...')
#2 /opt/lampp/htdocs/wordpress/index.php(17): require('/opt/lampp/htdo...')
#3 {main}
  thrown in /opt/lampp/htdocs/wordpress/wp-content/themes/storefront-child/pages/index.php on line 9

