2022-11-29T03:06:04+00:00 CRITICAL Uncaught Error: Class "Stripe\Stripe" not found in /opt/lampp/htdocs/wordpress/wp-content/themes/storefront-child/pages/index.php:18
Stack trace:
#0 /opt/lampp/htdocs/wordpress/wp-includes/template-loader.php(106): include()
#1 /opt/lampp/htdocs/wordpress/wp-blog-header.php(19): require_once('/opt/lampp/htdo...')
#2 /opt/lampp/htdocs/wordpress/index.php(17): require('/opt/lampp/htdo...')
#3 {main}
  thrown in /opt/lampp/htdocs/wordpress/wp-content/themes/storefront-child/pages/index.php on line 18

2022-11-29T03:06:09+00:00 CRITICAL Uncaught Error: Class "Stripe\Stripe" not found in /opt/lampp/htdocs/wordpress/wp-content/themes/storefront-child/pages/index.php:17
Stack trace:
#0 /opt/lampp/htdocs/wordpress/wp-includes/template-loader.php(106): include()
#1 /opt/lampp/htdocs/wordpress/wp-blog-header.php(19): require_once('/opt/lampp/htdo...')
#2 /opt/lampp/htdocs/wordpress/index.php(17): require('/opt/lampp/htdo...')
#3 {main}
  thrown in /opt/lampp/htdocs/wordpress/wp-content/themes/storefront-child/pages/index.php on line 17

2022-11-29T03:06:41+00:00 CRITICAL Uncaught Error: Class "Stripe\Stripe" not found in /opt/lampp/htdocs/wordpress/wp-content/themes/storefront-child/pages/index.php:17
Stack trace:
#0 /opt/lampp/htdocs/wordpress/wp-includes/template-loader.php(106): include()
#1 /opt/lampp/htdocs/wordpress/wp-blog-header.php(19): require_once('/opt/lampp/htdo...')
#2 /opt/lampp/htdocs/wordpress/index.php(17): require('/opt/lampp/htdo...')
#3 {main}
  thrown in /opt/lampp/htdocs/wordpress/wp-content/themes/storefront-child/pages/index.php on line 17

2022-11-29T03:06:43+00:00 CRITICAL Uncaught Error: Class "Stripe\Stripe" not found in /opt/lampp/htdocs/wordpress/wp-content/themes/storefront-child/pages/index.php:17
Stack trace:
#0 /opt/lampp/htdocs/wordpress/wp-includes/template-loader.php(106): include()
#1 /opt/lampp/htdocs/wordpress/wp-blog-header.php(19): require_once('/opt/lampp/htdo...')
#2 /opt/lampp/htdocs/wordpress/index.php(17): require('/opt/lampp/htdo...')
#3 {main}
  thrown in /opt/lampp/htdocs/wordpress/wp-content/themes/storefront-child/pages/index.php on line 17

2022-11-29T03:06:45+00:00 CRITICAL Uncaught Error: Class "Stripe\Stripe" not found in /opt/lampp/htdocs/wordpress/wp-content/themes/storefront-child/pages/index.php:17
Stack trace:
#0 /opt/lampp/htdocs/wordpress/wp-includes/template-loader.php(106): include()
#1 /opt/lampp/htdocs/wordpress/wp-blog-header.php(19): require_once('/opt/lampp/htdo...')
#2 /opt/lampp/htdocs/wordpress/index.php(17): require('/opt/lampp/htdo...')
#3 {main}
  thrown in /opt/lampp/htdocs/wordpress/wp-content/themes/storefront-child/pages/index.php on line 17

2022-11-29T03:06:45+00:00 CRITICAL Uncaught Error: Class "Stripe\Stripe" not found in /opt/lampp/htdocs/wordpress/wp-content/themes/storefront-child/pages/index.php:17
Stack trace:
#0 /opt/lampp/htdocs/wordpress/wp-includes/template-loader.php(106): include()
#1 /opt/lampp/htdocs/wordpress/wp-blog-header.php(19): require_once('/opt/lampp/htdo...')
#2 /opt/lampp/htdocs/wordpress/index.php(17): require('/opt/lampp/htdo...')
#3 {main}
  thrown in /opt/lampp/htdocs/wordpress/wp-content/themes/storefront-child/pages/index.php on line 17

2022-11-29T03:09:12+00:00 CRITICAL Uncaught Error: Cannot use object of type stdClass as array in /opt/lampp/htdocs/wordpress/wp-content/themes/storefront-child/pages/index.php:16
Stack trace:
#0 /opt/lampp/htdocs/wordpress/wp-includes/template-loader.php(106): include()
#1 /opt/lampp/htdocs/wordpress/wp-blog-header.php(19): require_once('/opt/lampp/htdo...')
#2 /opt/lampp/htdocs/wordpress/index.php(17): require('/opt/lampp/htdo...')
#3 {main}
  thrown in /opt/lampp/htdocs/wordpress/wp-content/themes/storefront-child/pages/index.php on line 16

2022-11-29T03:09:21+00:00 CRITICAL Uncaught Error: Cannot use object of type stdClass as array in /opt/lampp/htdocs/wordpress/wp-content/themes/storefront-child/pages/index.php:16
Stack trace:
#0 /opt/lampp/htdocs/wordpress/wp-includes/template-loader.php(106): include()
#1 /opt/lampp/htdocs/wordpress/wp-blog-header.php(19): require_once('/opt/lampp/htdo...')
#2 /opt/lampp/htdocs/wordpress/index.php(17): require('/opt/lampp/htdo...')
#3 {main}
  thrown in /opt/lampp/htdocs/wordpress/wp-content/themes/storefront-child/pages/index.php on line 16

2022-11-29T03:10:56+00:00 CRITICAL Uncaught Error: Call to undefined function wc_stripe_get_customer_id() in /opt/lampp/htdocs/wordpress/wp-content/themes/storefront-child/pages/index.php:14
Stack trace:
#0 /opt/lampp/htdocs/wordpress/wp-includes/template-loader.php(106): include()
#1 /opt/lampp/htdocs/wordpress/wp-blog-header.php(19): require_once('/opt/lampp/htdo...')
#2 /opt/lampp/htdocs/wordpress/index.php(17): require('/opt/lampp/htdo...')
#3 {main}
  thrown in /opt/lampp/htdocs/wordpress/wp-content/themes/storefront-child/pages/index.php on line 14

2022-11-29T03:10:59+00:00 CRITICAL Uncaught Error: Call to undefined function wc_stripe_get_customer_id() in /opt/lampp/htdocs/wordpress/wp-content/themes/storefront-child/pages/index.php:14
Stack trace:
#0 /opt/lampp/htdocs/wordpress/wp-includes/template-loader.php(106): include()
#1 /opt/lampp/htdocs/wordpress/wp-blog-header.php(19): require_once('/opt/lampp/htdo...')
#2 /opt/lampp/htdocs/wordpress/index.php(17): require('/opt/lampp/htdo...')
#3 {main}
  thrown in /opt/lampp/htdocs/wordpress/wp-content/themes/storefront-child/pages/index.php on line 14

2022-11-29T03:12:09+00:00 CRITICAL Uncaught Error: Call to undefined function wc_stripe_get_customer_id() in /opt/lampp/htdocs/wordpress/wp-content/themes/storefront-child/pages/index.php:14
Stack trace:
#0 /opt/lampp/htdocs/wordpress/wp-includes/template-loader.php(106): include()
#1 /opt/lampp/htdocs/wordpress/wp-blog-header.php(19): require_once('/opt/lampp/htdo...')
#2 /opt/lampp/htdocs/wordpress/index.php(17): require('/opt/lampp/htdo...')
#3 {main}
  thrown in /opt/lampp/htdocs/wordpress/wp-content/themes/storefront-child/pages/index.php on line 14

2022-11-29T03:12:11+00:00 CRITICAL Uncaught Error: Call to undefined function wc_stripe_get_customer_id() in /opt/lampp/htdocs/wordpress/wp-content/themes/storefront-child/pages/index.php:14
Stack trace:
#0 /opt/lampp/htdocs/wordpress/wp-includes/template-loader.php(106): include()
#1 /opt/lampp/htdocs/wordpress/wp-blog-header.php(19): require_once('/opt/lampp/htdo...')
#2 /opt/lampp/htdocs/wordpress/index.php(17): require('/opt/lampp/htdo...')
#3 {main}
  thrown in /opt/lampp/htdocs/wordpress/wp-content/themes/storefront-child/pages/index.php on line 14

2022-11-29T03:14:51+00:00 CRITICAL Uncaught Error: Call to undefined function wc_stripe_get_customer_id() in /opt/lampp/htdocs/wordpress/wp-content/themes/storefront-child/pages/index.php:14
Stack trace:
#0 /opt/lampp/htdocs/wordpress/wp-includes/template-loader.php(106): include()
#1 /opt/lampp/htdocs/wordpress/wp-blog-header.php(19): require_once('/opt/lampp/htdo...')
#2 /opt/lampp/htdocs/wordpress/index.php(17): require('/opt/lampp/htdo...')
#3 {main}
  thrown in /opt/lampp/htdocs/wordpress/wp-content/themes/storefront-child/pages/index.php on line 14

2022-11-29T03:14:57+00:00 CRITICAL Uncaught Error: Call to undefined function wc_stripe_get_customer_id() in /opt/lampp/htdocs/wordpress/wp-content/themes/storefront-child/pages/index.php:14
Stack trace:
#0 /opt/lampp/htdocs/wordpress/wp-includes/template-loader.php(106): include()
#1 /opt/lampp/htdocs/wordpress/wp-blog-header.php(19): require_once('/opt/lampp/htdo...')
#2 /opt/lampp/htdocs/wordpress/index.php(17): require('/opt/lampp/htdo...')
#3 {main}
  thrown in /opt/lampp/htdocs/wordpress/wp-content/themes/storefront-child/pages/index.php on line 14

2022-11-29T03:15:08+00:00 CRITICAL Uncaught Error: Call to undefined function wc_stripe_get_customer_id() in /opt/lampp/htdocs/wordpress/wp-content/themes/storefront-child/pages/index.php:14
Stack trace:
#0 /opt/lampp/htdocs/wordpress/wp-includes/template-loader.php(106): include()
#1 /opt/lampp/htdocs/wordpress/wp-blog-header.php(19): require_once('/opt/lampp/htdo...')
#2 /opt/lampp/htdocs/wordpress/index.php(17): require('/opt/lampp/htdo...')
#3 {main}
  thrown in /opt/lampp/htdocs/wordpress/wp-content/themes/storefront-child/pages/index.php on line 14

2022-11-29T04:31:45+00:00 CRITICAL Uncaught Error: Call to undefined function wc_stripe_get_customer_id() in /opt/lampp/htdocs/wordpress/wp-content/themes/storefront-child/pages/index.php:14
Stack trace:
#0 /opt/lampp/htdocs/wordpress/wp-includes/template-loader.php(106): include()
#1 /opt/lampp/htdocs/wordpress/wp-blog-header.php(19): require_once('/opt/lampp/htdo...')
#2 /opt/lampp/htdocs/wordpress/index.php(17): require('/opt/lampp/htdo...')
#3 {main}
  thrown in /opt/lampp/htdocs/wordpress/wp-content/themes/storefront-child/pages/index.php on line 14

2022-11-29T04:31:48+00:00 CRITICAL Uncaught Error: Call to undefined function wc_stripe_get_customer_id() in /opt/lampp/htdocs/wordpress/wp-content/themes/storefront-child/pages/index.php:14
Stack trace:
#0 /opt/lampp/htdocs/wordpress/wp-includes/template-loader.php(106): include()
#1 /opt/lampp/htdocs/wordpress/wp-blog-header.php(19): require_once('/opt/lampp/htdo...')
#2 /opt/lampp/htdocs/wordpress/index.php(17): require('/opt/lampp/htdo...')
#3 {main}
  thrown in /opt/lampp/htdocs/wordpress/wp-content/themes/storefront-child/pages/index.php on line 14

2022-11-29T04:32:26+00:00 CRITICAL Uncaught Error: Call to undefined function wc_stripe_get_customer_id() in /opt/lampp/htdocs/wordpress/wp-content/themes/storefront-child/pages/index.php:14
Stack trace:
#0 /opt/lampp/htdocs/wordpress/wp-includes/template-loader.php(106): include()
#1 /opt/lampp/htdocs/wordpress/wp-blog-header.php(19): require_once('/opt/lampp/htdo...')
#2 /opt/lampp/htdocs/wordpress/index.php(17): require('/opt/lampp/htdo...')
#3 {main}
  thrown in /opt/lampp/htdocs/wordpress/wp-content/themes/storefront-child/pages/index.php on line 14

2022-11-29T06:43:16+00:00 CRITICAL Uncaught Error: Call to undefined function wc_stripe_get_customer_id() in /opt/lampp/htdocs/wordpress/wp-content/themes/storefront-child/pages/index.php:14
Stack trace:
#0 /opt/lampp/htdocs/wordpress/wp-includes/template-loader.php(106): include()
#1 /opt/lampp/htdocs/wordpress/wp-blog-header.php(19): require_once('/opt/lampp/htdo...')
#2 /opt/lampp/htdocs/wordpress/index.php(17): require('/opt/lampp/htdo...')
#3 {main}
  thrown in /opt/lampp/htdocs/wordpress/wp-content/themes/storefront-child/pages/index.php on line 14

2022-11-29T06:43:20+00:00 CRITICAL Uncaught Error: Call to undefined function wc_stripe_get_customer_id() in /opt/lampp/htdocs/wordpress/wp-content/themes/storefront-child/pages/index.php:14
Stack trace:
#0 /opt/lampp/htdocs/wordpress/wp-includes/template-loader.php(106): include()
#1 /opt/lampp/htdocs/wordpress/wp-blog-header.php(19): require_once('/opt/lampp/htdo...')
#2 /opt/lampp/htdocs/wordpress/index.php(17): require('/opt/lampp/htdo...')
#3 {main}
  thrown in /opt/lampp/htdocs/wordpress/wp-content/themes/storefront-child/pages/index.php on line 14

2022-11-29T06:43:30+00:00 CRITICAL Uncaught Error: Call to undefined function wc_stripe_get_customer_id() in /opt/lampp/htdocs/wordpress/wp-content/themes/storefront-child/pages/index.php:14
Stack trace:
#0 /opt/lampp/htdocs/wordpress/wp-includes/template-loader.php(106): include()
#1 /opt/lampp/htdocs/wordpress/wp-blog-header.php(19): require_once('/opt/lampp/htdo...')
#2 /opt/lampp/htdocs/wordpress/index.php(17): require('/opt/lampp/htdo...')
#3 {main}
  thrown in /opt/lampp/htdocs/wordpress/wp-content/themes/storefront-child/pages/index.php on line 14

2022-11-29T06:43:37+00:00 CRITICAL Uncaught Error: Call to undefined function wc_stripe_get_customer_id() in /opt/lampp/htdocs/wordpress/wp-content/themes/storefront-child/pages/index.php:14
Stack trace:
#0 /opt/lampp/htdocs/wordpress/wp-includes/template-loader.php(106): include()
#1 /opt/lampp/htdocs/wordpress/wp-blog-header.php(19): require_once('/opt/lampp/htdo...')
#2 /opt/lampp/htdocs/wordpress/index.php(17): require('/opt/lampp/htdo...')
#3 {main}
  thrown in /opt/lampp/htdocs/wordpress/wp-content/themes/storefront-child/pages/index.php on line 14

2022-11-29T06:57:45+00:00 CRITICAL Uncaught Error: Call to undefined function wc_stripe_get_customer_id() in /opt/lampp/htdocs/wordpress/wp-content/themes/storefront-child/pages/index.php:14
Stack trace:
#0 /opt/lampp/htdocs/wordpress/wp-includes/template-loader.php(106): include()
#1 /opt/lampp/htdocs/wordpress/wp-blog-header.php(19): require_once('/opt/lampp/htdo...')
#2 /opt/lampp/htdocs/wordpress/index.php(17): require('/opt/lampp/htdo...')
#3 {main}
  thrown in /opt/lampp/htdocs/wordpress/wp-content/themes/storefront-child/pages/index.php on line 14

2022-11-29T06:57:58+00:00 CRITICAL Uncaught Error: Call to undefined function wc_stripe_get_customer_id() in /opt/lampp/htdocs/wordpress/wp-content/themes/storefront-child/pages/index.php:14
Stack trace:
#0 /opt/lampp/htdocs/wordpress/wp-includes/template-loader.php(106): include()
#1 /opt/lampp/htdocs/wordpress/wp-blog-header.php(19): require_once('/opt/lampp/htdo...')
#2 /opt/lampp/htdocs/wordpress/index.php(17): require('/opt/lampp/htdo...')
#3 {main}
  thrown in /opt/lampp/htdocs/wordpress/wp-content/themes/storefront-child/pages/index.php on line 14

2022-11-29T06:58:08+00:00 CRITICAL Uncaught Error: Call to undefined function wc_stripe_get_customer_id() in /opt/lampp/htdocs/wordpress/wp-content/themes/storefront-child/pages/index.php:14
Stack trace:
#0 /opt/lampp/htdocs/wordpress/wp-includes/template-loader.php(106): include()
#1 /opt/lampp/htdocs/wordpress/wp-blog-header.php(19): require_once('/opt/lampp/htdo...')
#2 /opt/lampp/htdocs/wordpress/index.php(17): require('/opt/lampp/htdo...')
#3 {main}
  thrown in /opt/lampp/htdocs/wordpress/wp-content/themes/storefront-child/pages/index.php on line 14

2022-11-29T06:58:16+00:00 CRITICAL Uncaught Error: Call to undefined function wc_stripe_get_customer_id() in /opt/lampp/htdocs/wordpress/wp-content/themes/storefront-child/pages/index.php:14
Stack trace:
#0 /opt/lampp/htdocs/wordpress/wp-includes/template-loader.php(106): include()
#1 /opt/lampp/htdocs/wordpress/wp-blog-header.php(19): require_once('/opt/lampp/htdo...')
#2 /opt/lampp/htdocs/wordpress/index.php(17): require('/opt/lampp/htdo...')
#3 {main}
  thrown in /opt/lampp/htdocs/wordpress/wp-content/themes/storefront-child/pages/index.php on line 14

2022-11-29T06:58:18+00:00 CRITICAL Uncaught Error: Call to undefined function wc_stripe_get_customer_id() in /opt/lampp/htdocs/wordpress/wp-content/themes/storefront-child/pages/index.php:14
Stack trace:
#0 /opt/lampp/htdocs/wordpress/wp-includes/template-loader.php(106): include()
#1 /opt/lampp/htdocs/wordpress/wp-blog-header.php(19): require_once('/opt/lampp/htdo...')
#2 /opt/lampp/htdocs/wordpress/index.php(17): require('/opt/lampp/htdo...')
#3 {main}
  thrown in /opt/lampp/htdocs/wordpress/wp-content/themes/storefront-child/pages/index.php on line 14

2022-11-29T07:03:25+00:00 CRITICAL Uncaught Error: Class "Stripe\StripeClient" not found in /opt/lampp/htdocs/wordpress/wp-content/themes/storefront-child/functions.php:14
Stack trace:
#0 /opt/lampp/htdocs/wordpress/wp-includes/class-wp-hook.php(308): init_your_gateway_class('')
#1 /opt/lampp/htdocs/wordpress/wp-includes/class-wp-hook.php(332): WP_Hook->apply_filters(NULL, Array)
#2 /opt/lampp/htdocs/wordpress/wp-includes/plugin.php(517): WP_Hook->do_action(Array)
#3 /opt/lampp/htdocs/wordpress/wp-content/plugins/woocommerce/includes/class-woocommerce.php(667): do_action('woocommerce_ini...')
#4 /opt/lampp/htdocs/wordpress/wp-includes/class-wp-hook.php(308): WooCommerce->init('')
#5 /opt/lampp/htdocs/wordpress/wp-includes/class-wp-hook.php(332): WP_Hook->apply_filters(NULL, Array)
#6 /opt/lampp/htdocs/wordpress/wp-includes/plugin.php(517): WP_Hook->do_action(Array)
#7 /opt/lampp/htdocs/wordpress/wp-settings.php(617): do_action('init')
#8 /opt/lampp/htdocs/wordpress/wp-config.php(96): require_once('/opt/lampp/htdo...')
#9 /opt/lampp/htdocs/wordpress/wp-load.php(50): require_once('/opt/lampp/htdo...')
#10 /opt/lampp/htdocs/wordpress/wp-admin/admin-ajax.php(22): require_once('/opt/lampp/htdo...')
#11 {main}
  thrown in /opt/lampp/htdocs/wordpress/wp-content/themes/storefront-child/functions.php on line 14

2022-11-29T07:03:32+00:00 CRITICAL Uncaught Error: Class "Stripe\StripeClient" not found in /opt/lampp/htdocs/wordpress/wp-content/themes/storefront-child/functions.php:14
Stack trace:
#0 /opt/lampp/htdocs/wordpress/wp-includes/class-wp-hook.php(308): init_your_gateway_class('')
#1 /opt/lampp/htdocs/wordpress/wp-includes/class-wp-hook.php(332): WP_Hook->apply_filters(NULL, Array)
#2 /opt/lampp/htdocs/wordpress/wp-includes/plugin.php(517): WP_Hook->do_action(Array)
#3 /opt/lampp/htdocs/wordpress/wp-content/plugins/woocommerce/includes/class-woocommerce.php(667): do_action('woocommerce_ini...')
#4 /opt/lampp/htdocs/wordpress/wp-includes/class-wp-hook.php(308): WooCommerce->init('')
#5 /opt/lampp/htdocs/wordpress/wp-includes/class-wp-hook.php(332): WP_Hook->apply_filters(NULL, Array)
#6 /opt/lampp/htdocs/wordpress/wp-includes/plugin.php(517): WP_Hook->do_action(Array)
#7 /opt/lampp/htdocs/wordpress/wp-settings.php(617): do_action('init')
#8 /opt/lampp/htdocs/wordpress/wp-config.php(96): require_once('/opt/lampp/htdo...')
#9 /opt/lampp/htdocs/wordpress/wp-load.php(50): require_once('/opt/lampp/htdo...')
#10 /opt/lampp/htdocs/wordpress/wp-blog-header.php(13): require_once('/opt/lampp/htdo...')
#11 /opt/lampp/htdocs/wordpress/index.php(17): require('/opt/lampp/htdo...')
#12 {main}
  thrown in /opt/lampp/htdocs/wordpress/wp-content/themes/storefront-child/functions.php on line 14

2022-11-29T07:03:33+00:00 CRITICAL Uncaught Error: Class "Stripe\StripeClient" not found in /opt/lampp/htdocs/wordpress/wp-content/themes/storefront-child/functions.php:14
Stack trace:
#0 /opt/lampp/htdocs/wordpress/wp-includes/class-wp-hook.php(308): init_your_gateway_class('')
#1 /opt/lampp/htdocs/wordpress/wp-includes/class-wp-hook.php(332): WP_Hook->apply_filters(NULL, Array)
#2 /opt/lampp/htdocs/wordpress/wp-includes/plugin.php(517): WP_Hook->do_action(Array)
#3 /opt/lampp/htdocs/wordpress/wp-content/plugins/woocommerce/includes/class-woocommerce.php(667): do_action('woocommerce_ini...')
#4 /opt/lampp/htdocs/wordpress/wp-includes/class-wp-hook.php(308): WooCommerce->init('')
#5 /opt/lampp/htdocs/wordpress/wp-includes/class-wp-hook.php(332): WP_Hook->apply_filters(NULL, Array)
#6 /opt/lampp/htdocs/wordpress/wp-includes/plugin.php(517): WP_Hook->do_action(Array)
#7 /opt/lampp/htdocs/wordpress/wp-settings.php(617): do_action('init')
#8 /opt/lampp/htdocs/wordpress/wp-config.php(96): require_once('/opt/lampp/htdo...')
#9 /opt/lampp/htdocs/wordpress/wp-load.php(50): require_once('/opt/lampp/htdo...')
#10 /opt/lampp/htdocs/wordpress/wp-blog-header.php(13): require_once('/opt/lampp/htdo...')
#11 /opt/lampp/htdocs/wordpress/index.php(17): require('/opt/lampp/htdo...')
#12 {main}
  thrown in /opt/lampp/htdocs/wordpress/wp-content/themes/storefront-child/functions.php on line 14

2022-11-29T07:03:41+00:00 CRITICAL Uncaught Error: Class "Stripe\StripeClient" not found in /opt/lampp/htdocs/wordpress/wp-content/themes/storefront-child/functions.php:14
Stack trace:
#0 /opt/lampp/htdocs/wordpress/wp-includes/class-wp-hook.php(308): init_your_gateway_class('')
#1 /opt/lampp/htdocs/wordpress/wp-includes/class-wp-hook.php(332): WP_Hook->apply_filters(NULL, Array)
#2 /opt/lampp/htdocs/wordpress/wp-includes/plugin.php(517): WP_Hook->do_action(Array)
#3 /opt/lampp/htdocs/wordpress/wp-content/plugins/woocommerce/includes/class-woocommerce.php(667): do_action('woocommerce_ini...')
#4 /opt/lampp/htdocs/wordpress/wp-includes/class-wp-hook.php(308): WooCommerce->init('')
#5 /opt/lampp/htdocs/wordpress/wp-includes/class-wp-hook.php(332): WP_Hook->apply_filters(NULL, Array)
#6 /opt/lampp/htdocs/wordpress/wp-includes/plugin.php(517): WP_Hook->do_action(Array)
#7 /opt/lampp/htdocs/wordpress/wp-settings.php(617): do_action('init')
#8 /opt/lampp/htdocs/wordpress/wp-config.php(96): require_once('/opt/lampp/htdo...')
#9 /opt/lampp/htdocs/wordpress/wp-load.php(50): require_once('/opt/lampp/htdo...')
#10 /opt/lampp/htdocs/wordpress/wp-blog-header.php(13): require_once('/opt/lampp/htdo...')
#11 /opt/lampp/htdocs/wordpress/index.php(17): require('/opt/lampp/htdo...')
#12 {main}
  thrown in /opt/lampp/htdocs/wordpress/wp-content/themes/storefront-child/functions.php on line 14

2022-11-29T07:03:42+00:00 CRITICAL Uncaught Error: Class "Stripe\StripeClient" not found in /opt/lampp/htdocs/wordpress/wp-content/themes/storefront-child/functions.php:14
Stack trace:
#0 /opt/lampp/htdocs/wordpress/wp-includes/class-wp-hook.php(308): init_your_gateway_class('')
#1 /opt/lampp/htdocs/wordpress/wp-includes/class-wp-hook.php(332): WP_Hook->apply_filters(NULL, Array)
#2 /opt/lampp/htdocs/wordpress/wp-includes/plugin.php(517): WP_Hook->do_action(Array)
#3 /opt/lampp/htdocs/wordpress/wp-content/plugins/woocommerce/includes/class-woocommerce.php(667): do_action('woocommerce_ini...')
#4 /opt/lampp/htdocs/wordpress/wp-includes/class-wp-hook.php(308): WooCommerce->init('')
#5 /opt/lampp/htdocs/wordpress/wp-includes/class-wp-hook.php(332): WP_Hook->apply_filters(NULL, Array)
#6 /opt/lampp/htdocs/wordpress/wp-includes/plugin.php(517): WP_Hook->do_action(Array)
#7 /opt/lampp/htdocs/wordpress/wp-settings.php(617): do_action('init')
#8 /opt/lampp/htdocs/wordpress/wp-config.php(96): require_once('/opt/lampp/htdo...')
#9 /opt/lampp/htdocs/wordpress/wp-load.php(50): require_once('/opt/lampp/htdo...')
#10 /opt/lampp/htdocs/wordpress/wp-blog-header.php(13): require_once('/opt/lampp/htdo...')
#11 /opt/lampp/htdocs/wordpress/index.php(17): require('/opt/lampp/htdo...')
#12 {main}
  thrown in /opt/lampp/htdocs/wordpress/wp-content/themes/storefront-child/functions.php on line 14

2022-11-29T07:08:28+00:00 CRITICAL Uncaught Error: Class "Stripe\StripeClient" not found in /opt/lampp/htdocs/wordpress/wp-content/themes/storefront-child/functions.php:14
Stack trace:
#0 /opt/lampp/htdocs/wordpress/wp-includes/class-wp-hook.php(308): init_your_gateway_class('')
#1 /opt/lampp/htdocs/wordpress/wp-includes/class-wp-hook.php(332): WP_Hook->apply_filters(NULL, Array)
#2 /opt/lampp/htdocs/wordpress/wp-includes/plugin.php(517): WP_Hook->do_action(Array)
#3 /opt/lampp/htdocs/wordpress/wp-content/plugins/woocommerce/includes/class-woocommerce.php(667): do_action('woocommerce_ini...')
#4 /opt/lampp/htdocs/wordpress/wp-includes/class-wp-hook.php(308): WooCommerce->init('')
#5 /opt/lampp/htdocs/wordpress/wp-includes/class-wp-hook.php(332): WP_Hook->apply_filters(NULL, Array)
#6 /opt/lampp/htdocs/wordpress/wp-includes/plugin.php(517): WP_Hook->do_action(Array)
#7 /opt/lampp/htdocs/wordpress/wp-settings.php(617): do_action('init')
#8 /opt/lampp/htdocs/wordpress/wp-config.php(96): require_once('/opt/lampp/htdo...')
#9 /opt/lampp/htdocs/wordpress/wp-load.php(50): require_once('/opt/lampp/htdo...')
#10 /opt/lampp/htdocs/wordpress/wp-admin/admin-ajax.php(22): require_once('/opt/lampp/htdo...')
#11 {main}
  thrown in /opt/lampp/htdocs/wordpress/wp-content/themes/storefront-child/functions.php on line 14

2022-11-29T07:08:49+00:00 CRITICAL Uncaught Error: Class "Stripe\StripeClient" not found in /opt/lampp/htdocs/wordpress/wp-content/themes/storefront-child/functions.php:14
Stack trace:
#0 /opt/lampp/htdocs/wordpress/wp-includes/class-wp-hook.php(308): init_your_gateway_class('')
#1 /opt/lampp/htdocs/wordpress/wp-includes/class-wp-hook.php(332): WP_Hook->apply_filters(NULL, Array)
#2 /opt/lampp/htdocs/wordpress/wp-includes/plugin.php(517): WP_Hook->do_action(Array)
#3 /opt/lampp/htdocs/wordpress/wp-content/plugins/woocommerce/includes/class-woocommerce.php(667): do_action('woocommerce_ini...')
#4 /opt/lampp/htdocs/wordpress/wp-includes/class-wp-hook.php(308): WooCommerce->init('')
#5 /opt/lampp/htdocs/wordpress/wp-includes/class-wp-hook.php(332): WP_Hook->apply_filters(NULL, Array)
#6 /opt/lampp/htdocs/wordpress/wp-includes/plugin.php(517): WP_Hook->do_action(Array)
#7 /opt/lampp/htdocs/wordpress/wp-settings.php(617): do_action('init')
#8 /opt/lampp/htdocs/wordpress/wp-config.php(96): require_once('/opt/lampp/htdo...')
#9 /opt/lampp/htdocs/wordpress/wp-load.php(50): require_once('/opt/lampp/htdo...')
#10 /opt/lampp/htdocs/wordpress/wp-admin/admin-ajax.php(22): require_once('/opt/lampp/htdo...')
#11 {main}
  thrown in /opt/lampp/htdocs/wordpress/wp-content/themes/storefront-child/functions.php on line 14

2022-11-29T07:08:53+00:00 CRITICAL Uncaught Error: Class "Stripe\StripeClient" not found in /opt/lampp/htdocs/wordpress/wp-content/themes/storefront-child/functions.php:14
Stack trace:
#0 /opt/lampp/htdocs/wordpress/wp-includes/class-wp-hook.php(308): init_your_gateway_class('')
#1 /opt/lampp/htdocs/wordpress/wp-includes/class-wp-hook.php(332): WP_Hook->apply_filters(NULL, Array)
#2 /opt/lampp/htdocs/wordpress/wp-includes/plugin.php(517): WP_Hook->do_action(Array)
#3 /opt/lampp/htdocs/wordpress/wp-content/plugins/woocommerce/includes/class-woocommerce.php(667): do_action('woocommerce_ini...')
#4 /opt/lampp/htdocs/wordpress/wp-includes/class-wp-hook.php(308): WooCommerce->init('')
#5 /opt/lampp/htdocs/wordpress/wp-includes/class-wp-hook.php(332): WP_Hook->apply_filters(NULL, Array)
#6 /opt/lampp/htdocs/wordpress/wp-includes/plugin.php(517): WP_Hook->do_action(Array)
#7 /opt/lampp/htdocs/wordpress/wp-settings.php(617): do_action('init')
#8 /opt/lampp/htdocs/wordpress/wp-config.php(96): require_once('/opt/lampp/htdo...')
#9 /opt/lampp/htdocs/wordpress/wp-load.php(50): require_once('/opt/lampp/htdo...')
#10 /opt/lampp/htdocs/wordpress/wp-blog-header.php(13): require_once('/opt/lampp/htdo...')
#11 /opt/lampp/htdocs/wordpress/index.php(17): require('/opt/lampp/htdo...')
#12 {main}
  thrown in /opt/lampp/htdocs/wordpress/wp-content/themes/storefront-child/functions.php on line 14

2022-11-29T07:08:58+00:00 CRITICAL Uncaught Error: Undefined constant "SECRET_KEY" in /opt/lampp/htdocs/wordpress/wp-content/themes/storefront-child/functions.php:17
Stack trace:
#0 /opt/lampp/htdocs/wordpress/wp-includes/class-wp-hook.php(308): init_your_gateway_class('')
#1 /opt/lampp/htdocs/wordpress/wp-includes/class-wp-hook.php(332): WP_Hook->apply_filters(NULL, Array)
#2 /opt/lampp/htdocs/wordpress/wp-includes/plugin.php(517): WP_Hook->do_action(Array)
#3 /opt/lampp/htdocs/wordpress/wp-content/plugins/woocommerce/includes/class-woocommerce.php(667): do_action('woocommerce_ini...')
#4 /opt/lampp/htdocs/wordpress/wp-includes/class-wp-hook.php(308): WooCommerce->init('')
#5 /opt/lampp/htdocs/wordpress/wp-includes/class-wp-hook.php(332): WP_Hook->apply_filters(NULL, Array)
#6 /opt/lampp/htdocs/wordpress/wp-includes/plugin.php(517): WP_Hook->do_action(Array)
#7 /opt/lampp/htdocs/wordpress/wp-settings.php(617): do_action('init')
#8 /opt/lampp/htdocs/wordpress/wp-config.php(96): require_once('/opt/lampp/htdo...')
#9 /opt/lampp/htdocs/wordpress/wp-load.php(50): require_once('/opt/lampp/htdo...')
#10 /opt/lampp/htdocs/wordpress/wp-blog-header.php(13): require_once('/opt/lampp/htdo...')
#11 /opt/lampp/htdocs/wordpress/index.php(17): require('/opt/lampp/htdo...')
#12 {main}
  thrown in /opt/lampp/htdocs/wordpress/wp-content/themes/storefront-child/functions.php on line 17

2022-11-29T07:09:55+00:00 CRITICAL Uncaught Error: Undefined constant "SECRET_KEY" in /opt/lampp/htdocs/wordpress/wp-content/themes/storefront-child/functions.php:19
Stack trace:
#0 /opt/lampp/htdocs/wordpress/wp-includes/class-wp-hook.php(308): init_your_gateway_class('')
#1 /opt/lampp/htdocs/wordpress/wp-includes/class-wp-hook.php(332): WP_Hook->apply_filters(NULL, Array)
#2 /opt/lampp/htdocs/wordpress/wp-includes/plugin.php(517): WP_Hook->do_action(Array)
#3 /opt/lampp/htdocs/wordpress/wp-content/plugins/woocommerce/includes/class-woocommerce.php(667): do_action('woocommerce_ini...')
#4 /opt/lampp/htdocs/wordpress/wp-includes/class-wp-hook.php(308): WooCommerce->init('')
#5 /opt/lampp/htdocs/wordpress/wp-includes/class-wp-hook.php(332): WP_Hook->apply_filters(NULL, Array)
#6 /opt/lampp/htdocs/wordpress/wp-includes/plugin.php(517): WP_Hook->do_action(Array)
#7 /opt/lampp/htdocs/wordpress/wp-settings.php(617): do_action('init')
#8 /opt/lampp/htdocs/wordpress/wp-config.php(96): require_once('/opt/lampp/htdo...')
#9 /opt/lampp/htdocs/wordpress/wp-load.php(50): require_once('/opt/lampp/htdo...')
#10 /opt/lampp/htdocs/wordpress/wp-blog-header.php(13): require_once('/opt/lampp/htdo...')
#11 /opt/lampp/htdocs/wordpress/index.php(17): require('/opt/lampp/htdo...')
#12 {main}
  thrown in /opt/lampp/htdocs/wordpress/wp-content/themes/storefront-child/functions.php on line 19

2022-11-29T07:10:03+00:00 CRITICAL Uncaught Error: Undefined constant "SECRET_KEY" in /opt/lampp/htdocs/wordpress/wp-content/themes/storefront-child/functions.php:19
Stack trace:
#0 /opt/lampp/htdocs/wordpress/wp-includes/class-wp-hook.php(308): init_your_gateway_class('')
#1 /opt/lampp/htdocs/wordpress/wp-includes/class-wp-hook.php(332): WP_Hook->apply_filters(NULL, Array)
#2 /opt/lampp/htdocs/wordpress/wp-includes/plugin.php(517): WP_Hook->do_action(Array)
#3 /opt/lampp/htdocs/wordpress/wp-content/plugins/woocommerce/includes/class-woocommerce.php(667): do_action('woocommerce_ini...')
#4 /opt/lampp/htdocs/wordpress/wp-includes/class-wp-hook.php(308): WooCommerce->init('')
#5 /opt/lampp/htdocs/wordpress/wp-includes/class-wp-hook.php(332): WP_Hook->apply_filters(NULL, Array)
#6 /opt/lampp/htdocs/wordpress/wp-includes/plugin.php(517): WP_Hook->do_action(Array)
#7 /opt/lampp/htdocs/wordpress/wp-settings.php(617): do_action('init')
#8 /opt/lampp/htdocs/wordpress/wp-config.php(96): require_once('/opt/lampp/htdo...')
#9 /opt/lampp/htdocs/wordpress/wp-load.php(50): require_once('/opt/lampp/htdo...')
#10 /opt/lampp/htdocs/wordpress/wp-blog-header.php(13): require_once('/opt/lampp/htdo...')
#11 /opt/lampp/htdocs/wordpress/index.php(17): require('/opt/lampp/htdo...')
#12 {main}
  thrown in /opt/lampp/htdocs/wordpress/wp-content/themes/storefront-child/functions.php on line 19

2022-11-29T07:10:29+00:00 CRITICAL Uncaught Error: Failed opening required 'wp-config.php' (include_path='.:/opt/lampp/lib/php') in /opt/lampp/htdocs/wordpress/wp-content/themes/storefront-child/functions.php:2
Stack trace:
#0 /opt/lampp/htdocs/wordpress/wp-settings.php(585): include()
#1 /opt/lampp/htdocs/wordpress/wp-config.php(96): require_once('/opt/lampp/htdo...')
#2 /opt/lampp/htdocs/wordpress/wp-load.php(50): require_once('/opt/lampp/htdo...')
#3 /opt/lampp/htdocs/wordpress/wp-admin/admin-ajax.php(22): require_once('/opt/lampp/htdo...')
#4 {main}
  thrown in /opt/lampp/htdocs/wordpress/wp-content/themes/storefront-child/functions.php on line 2

2022-11-29T07:10:50+00:00 CRITICAL Uncaught Error: Failed opening required 'wp-config.php' (include_path='.:/opt/lampp/lib/php') in /opt/lampp/htdocs/wordpress/wp-content/themes/storefront-child/functions.php:2
Stack trace:
#0 /opt/lampp/htdocs/wordpress/wp-settings.php(585): include()
#1 /opt/lampp/htdocs/wordpress/wp-config.php(96): require_once('/opt/lampp/htdo...')
#2 /opt/lampp/htdocs/wordpress/wp-load.php(50): require_once('/opt/lampp/htdo...')
#3 /opt/lampp/htdocs/wordpress/wp-admin/admin-ajax.php(22): require_once('/opt/lampp/htdo...')
#4 {main}
  thrown in /opt/lampp/htdocs/wordpress/wp-content/themes/storefront-child/functions.php on line 2

2022-11-29T07:11:10+00:00 CRITICAL Uncaught Error: Undefined constant "PUBLISHABLE_KEY" in /opt/lampp/htdocs/wordpress/wp-content/themes/storefront-child/functions.php:19
Stack trace:
#0 /opt/lampp/htdocs/wordpress/wp-includes/class-wp-hook.php(308): init_your_gateway_class('')
#1 /opt/lampp/htdocs/wordpress/wp-includes/class-wp-hook.php(332): WP_Hook->apply_filters(NULL, Array)
#2 /opt/lampp/htdocs/wordpress/wp-includes/plugin.php(517): WP_Hook->do_action(Array)
#3 /opt/lampp/htdocs/wordpress/wp-content/plugins/woocommerce/includes/class-woocommerce.php(667): do_action('woocommerce_ini...')
#4 /opt/lampp/htdocs/wordpress/wp-includes/class-wp-hook.php(308): WooCommerce->init('')
#5 /opt/lampp/htdocs/wordpress/wp-includes/class-wp-hook.php(332): WP_Hook->apply_filters(NULL, Array)
#6 /opt/lampp/htdocs/wordpress/wp-includes/plugin.php(517): WP_Hook->do_action(Array)
#7 /opt/lampp/htdocs/wordpress/wp-settings.php(617): do_action('init')
#8 /opt/lampp/htdocs/wordpress/wp-config.php(96): require_once('/opt/lampp/htdo...')
#9 /opt/lampp/htdocs/wordpress/wp-load.php(50): require_once('/opt/lampp/htdo...')
#10 /opt/lampp/htdocs/wordpress/wp-blog-header.php(13): require_once('/opt/lampp/htdo...')
#11 /opt/lampp/htdocs/wordpress/index.php(17): require('/opt/lampp/htdo...')
#12 {main}
  thrown in /opt/lampp/htdocs/wordpress/wp-content/themes/storefront-child/functions.php on line 19

2022-11-29T07:12:30+00:00 CRITICAL Uncaught Error: Failed opening required 'wp-config.php' (include_path='.:/opt/lampp/lib/php') in /opt/lampp/htdocs/wordpress/wp-content/themes/storefront-child/functions.php:2
Stack trace:
#0 /opt/lampp/htdocs/wordpress/wp-settings.php(585): include()
#1 /opt/lampp/htdocs/wordpress/wp-config.php(96): require_once('/opt/lampp/htdo...')
#2 /opt/lampp/htdocs/wordpress/wp-load.php(50): require_once('/opt/lampp/htdo...')
#3 /opt/lampp/htdocs/wordpress/wp-admin/admin-ajax.php(22): require_once('/opt/lampp/htdo...')
#4 {main}
  thrown in /opt/lampp/htdocs/wordpress/wp-content/themes/storefront-child/functions.php on line 2

2022-11-29T07:12:51+00:00 CRITICAL Uncaught Error: Failed opening required 'wp-config.php' (include_path='.:/opt/lampp/lib/php') in /opt/lampp/htdocs/wordpress/wp-content/themes/storefront-child/functions.php:2
Stack trace:
#0 /opt/lampp/htdocs/wordpress/wp-settings.php(585): include()
#1 /opt/lampp/htdocs/wordpress/wp-config.php(96): require_once('/opt/lampp/htdo...')
#2 /opt/lampp/htdocs/wordpress/wp-load.php(50): require_once('/opt/lampp/htdo...')
#3 /opt/lampp/htdocs/wordpress/wp-admin/admin-ajax.php(22): require_once('/opt/lampp/htdo...')
#4 {main}
  thrown in /opt/lampp/htdocs/wordpress/wp-content/themes/storefront-child/functions.php on line 2

2022-11-29T07:40:03+00:00 CRITICAL Uncaught Error: Failed opening required 'wp-config.php' (include_path='.:/opt/lampp/lib/php') in /opt/lampp/htdocs/wordpress/wp-content/themes/storefront-child/functions.php:2
Stack trace:
#0 /opt/lampp/htdocs/wordpress/wp-settings.php(585): include()
#1 /opt/lampp/htdocs/wordpress/wp-config.php(101): require_once('/opt/lampp/htdo...')
#2 /opt/lampp/htdocs/wordpress/wp-load.php(50): require_once('/opt/lampp/htdo...')
#3 /opt/lampp/htdocs/wordpress/wp-admin/admin.php(34): require_once('/opt/lampp/htdo...')
#4 /opt/lampp/htdocs/wordpress/wp-admin/post.php(12): require_once('/opt/lampp/htdo...')
#5 {main}
  thrown in /opt/lampp/htdocs/wordpress/wp-content/themes/storefront-child/functions.php on line 2

2022-11-29T07:40:04+00:00 CRITICAL Uncaught Error: Failed opening required 'wp-config.php' (include_path='.:/opt/lampp/lib/php') in /opt/lampp/htdocs/wordpress/wp-content/themes/storefront-child/functions.php:2
Stack trace:
#0 /opt/lampp/htdocs/wordpress/wp-settings.php(585): include()
#1 /opt/lampp/htdocs/wordpress/wp-config.php(101): require_once('/opt/lampp/htdo...')
#2 /opt/lampp/htdocs/wordpress/wp-load.php(50): require_once('/opt/lampp/htdo...')
#3 /opt/lampp/htdocs/wordpress/wp-admin/admin.php(34): require_once('/opt/lampp/htdo...')
#4 /opt/lampp/htdocs/wordpress/wp-admin/post.php(12): require_once('/opt/lampp/htdo...')
#5 {main}
  thrown in /opt/lampp/htdocs/wordpress/wp-content/themes/storefront-child/functions.php on line 2

2022-11-29T07:40:05+00:00 CRITICAL Uncaught Error: Failed opening required 'wp-config.php' (include_path='.:/opt/lampp/lib/php') in /opt/lampp/htdocs/wordpress/wp-content/themes/storefront-child/functions.php:2
Stack trace:
#0 /opt/lampp/htdocs/wordpress/wp-settings.php(585): include()
#1 /opt/lampp/htdocs/wordpress/wp-config.php(101): require_once('/opt/lampp/htdo...')
#2 /opt/lampp/htdocs/wordpress/wp-load.php(50): require_once('/opt/lampp/htdo...')
#3 /opt/lampp/htdocs/wordpress/wp-admin/admin.php(34): require_once('/opt/lampp/htdo...')
#4 /opt/lampp/htdocs/wordpress/wp-admin/post.php(12): require_once('/opt/lampp/htdo...')
#5 {main}
  thrown in /opt/lampp/htdocs/wordpress/wp-content/themes/storefront-child/functions.php on line 2

2022-11-29T07:40:26+00:00 CRITICAL Uncaught Error: Failed opening required 'wp-config.php' (include_path='.:/opt/lampp/lib/php') in /opt/lampp/htdocs/wordpress/wp-content/themes/storefront-child/functions.php:2
Stack trace:
#0 /opt/lampp/htdocs/wordpress/wp-settings.php(585): include()
#1 /opt/lampp/htdocs/wordpress/wp-config.php(101): require_once('/opt/lampp/htdo...')
#2 /opt/lampp/htdocs/wordpress/wp-load.php(50): require_once('/opt/lampp/htdo...')
#3 /opt/lampp/htdocs/wordpress/wp-admin/admin.php(34): require_once('/opt/lampp/htdo...')
#4 /opt/lampp/htdocs/wordpress/wp-admin/post.php(12): require_once('/opt/lampp/htdo...')
#5 {main}
  thrown in /opt/lampp/htdocs/wordpress/wp-content/themes/storefront-child/functions.php on line 2

2022-11-29T07:40:26+00:00 CRITICAL Uncaught Error: Failed opening required 'wp-config.php' (include_path='.:/opt/lampp/lib/php') in /opt/lampp/htdocs/wordpress/wp-content/themes/storefront-child/functions.php:2
Stack trace:
#0 /opt/lampp/htdocs/wordpress/wp-settings.php(585): include()
#1 /opt/lampp/htdocs/wordpress/wp-config.php(101): require_once('/opt/lampp/htdo...')
#2 /opt/lampp/htdocs/wordpress/wp-load.php(50): require_once('/opt/lampp/htdo...')
#3 /opt/lampp/htdocs/wordpress/wp-admin/admin.php(34): require_once('/opt/lampp/htdo...')
#4 /opt/lampp/htdocs/wordpress/wp-admin/post.php(12): require_once('/opt/lampp/htdo...')
#5 {main}
  thrown in /opt/lampp/htdocs/wordpress/wp-content/themes/storefront-child/functions.php on line 2

2022-11-29T07:40:27+00:00 CRITICAL Uncaught Error: Failed opening required 'wp-config.php' (include_path='.:/opt/lampp/lib/php') in /opt/lampp/htdocs/wordpress/wp-content/themes/storefront-child/functions.php:2
Stack trace:
#0 /opt/lampp/htdocs/wordpress/wp-settings.php(585): include()
#1 /opt/lampp/htdocs/wordpress/wp-config.php(101): require_once('/opt/lampp/htdo...')
#2 /opt/lampp/htdocs/wordpress/wp-load.php(50): require_once('/opt/lampp/htdo...')
#3 /opt/lampp/htdocs/wordpress/wp-admin/admin.php(34): require_once('/opt/lampp/htdo...')
#4 /opt/lampp/htdocs/wordpress/wp-admin/post.php(12): require_once('/opt/lampp/htdo...')
#5 {main}
  thrown in /opt/lampp/htdocs/wordpress/wp-content/themes/storefront-child/functions.php on line 2

2022-11-29T07:51:55+00:00 CRITICAL Uncaught Error: Class "Stripe\StripeClient" not found in /opt/lampp/htdocs/wordpress/wp-content/themes/storefront-child/functions.php:16
Stack trace:
#0 /opt/lampp/htdocs/wordpress/wp-includes/class-wp-hook.php(308): init_your_gateway_class('')
#1 /opt/lampp/htdocs/wordpress/wp-includes/class-wp-hook.php(332): WP_Hook->apply_filters(NULL, Array)
#2 /opt/lampp/htdocs/wordpress/wp-includes/plugin.php(517): WP_Hook->do_action(Array)
#3 /opt/lampp/htdocs/wordpress/wp-content/plugins/woocommerce/includes/class-woocommerce.php(667): do_action('woocommerce_ini...')
#4 /opt/lampp/htdocs/wordpress/wp-includes/class-wp-hook.php(308): WooCommerce->init('')
#5 /opt/lampp/htdocs/wordpress/wp-includes/class-wp-hook.php(332): WP_Hook->apply_filters(NULL, Array)
#6 /opt/lampp/htdocs/wordpress/wp-includes/plugin.php(517): WP_Hook->do_action(Array)
#7 /opt/lampp/htdocs/wordpress/wp-settings.php(617): do_action('init')
#8 /opt/lampp/htdocs/wordpress/wp-config.php(101): require_once('/opt/lampp/htdo...')
#9 /opt/lampp/htdocs/wordpress/wp-load.php(50): require_once('/opt/lampp/htdo...')
#10 /opt/lampp/htdocs/wordpress/wp-admin/admin-ajax.php(22): require_once('/opt/lampp/htdo...')
#11 {main}
  thrown in /opt/lampp/htdocs/wordpress/wp-content/themes/storefront-child/functions.php on line 16

