2022-12-02T02:43:35+00:00 DEBUG Tt4b_Pixel_Class::inject_start_checkout: hit injectStartCheckout
2022-12-02T02:43:35+00:00 DEBUG Tt4b_Pixel_Class::inject_start_checkout: Missing option "access_token"
2022-12-02T02:45:59+00:00 DEBUG Tt4b_Pixel_Class::inject_start_checkout: hit injectStartCheckout
2022-12-02T02:45:59+00:00 DEBUG Tt4b_Pixel_Class::inject_start_checkout: Missing option "access_token"
2022-12-02T02:46:16+00:00 DEBUG Tt4b_Pixel_Class::inject_start_checkout: hit injectStartCheckout
2022-12-02T02:46:16+00:00 DEBUG Tt4b_Pixel_Class::inject_start_checkout: Missing option "access_token"
2022-12-02T02:46:24+00:00 DEBUG Tt4b_Pixel_Class::inject_start_checkout: hit injectStartCheckout
2022-12-02T02:46:24+00:00 DEBUG Tt4b_Pixel_Class::inject_start_checkout: Missing option "access_token"
2022-12-02T02:46:32+00:00 DEBUG Tt4b_Pixel_Class::inject_start_checkout: hit injectStartCheckout
2022-12-02T02:46:32+00:00 DEBUG Tt4b_Pixel_Class::inject_start_checkout: Missing option "access_token"
2022-12-02T02:46:35+00:00 DEBUG Tt4b_Pixel_Class::inject_start_checkout: hit injectStartCheckout
2022-12-02T02:46:35+00:00 DEBUG Tt4b_Pixel_Class::inject_start_checkout: Missing option "access_token"
2022-12-02T02:50:52+00:00 DEBUG Tt4b_Pixel_Class::inject_start_checkout: hit injectStartCheckout
2022-12-02T02:50:52+00:00 DEBUG Tt4b_Pixel_Class::inject_start_checkout: Missing option "access_token"
2022-12-02T02:53:20+00:00 DEBUG Tt4b_Pixel_Class::inject_start_checkout: hit injectStartCheckout
2022-12-02T02:53:20+00:00 DEBUG Tt4b_Pixel_Class::inject_start_checkout: Missing option "access_token"
2022-12-02T02:57:08+00:00 DEBUG Tt4b_Pixel_Class::inject_start_checkout: hit injectStartCheckout
2022-12-02T02:57:08+00:00 DEBUG Tt4b_Pixel_Class::inject_start_checkout: Missing option "access_token"
2022-12-02T02:57:21+00:00 DEBUG Tt4b_Pixel_Class::inject_start_checkout: hit injectStartCheckout
2022-12-02T02:57:21+00:00 DEBUG Tt4b_Pixel_Class::inject_start_checkout: Missing option "access_token"
2022-12-02T02:57:35+00:00 DEBUG Tt4b_Pixel_Class::inject_start_checkout: hit injectStartCheckout
2022-12-02T02:57:35+00:00 DEBUG Tt4b_Pixel_Class::inject_start_checkout: Missing option "access_token"
2022-12-02T02:57:51+00:00 DEBUG Tt4b_Pixel_Class::inject_start_checkout: hit injectStartCheckout
2022-12-02T02:57:51+00:00 DEBUG Tt4b_Pixel_Class::inject_start_checkout: Missing option "access_token"
2022-12-02T02:58:10+00:00 DEBUG Tt4b_Pixel_Class::inject_start_checkout: hit injectStartCheckout
2022-12-02T02:58:10+00:00 DEBUG Tt4b_Pixel_Class::inject_start_checkout: Missing option "access_token"
2022-12-02T02:58:15+00:00 DEBUG Tt4b_Pixel_Class::inject_start_checkout: hit injectStartCheckout
2022-12-02T02:58:15+00:00 DEBUG Tt4b_Pixel_Class::inject_start_checkout: Missing option "access_token"
2022-12-02T03:02:48+00:00 DEBUG Tt4b_Pixel_Class::inject_start_checkout: hit injectStartCheckout
2022-12-02T03:02:48+00:00 DEBUG Tt4b_Pixel_Class::inject_start_checkout: Missing option "access_token"
2022-12-02T03:03:13+00:00 DEBUG Tt4b_Pixel_Class::inject_start_checkout: hit injectStartCheckout
2022-12-02T03:03:13+00:00 DEBUG Tt4b_Pixel_Class::inject_start_checkout: Missing option "access_token"
2022-12-02T03:03:48+00:00 DEBUG Tt4b_Pixel_Class::inject_start_checkout: hit injectStartCheckout
2022-12-02T03:03:48+00:00 DEBUG Tt4b_Pixel_Class::inject_start_checkout: Missing option "access_token"
2022-12-02T03:05:12+00:00 DEBUG Tt4b_Pixel_Class::inject_start_checkout: hit injectStartCheckout
2022-12-02T03:05:12+00:00 DEBUG Tt4b_Pixel_Class::inject_start_checkout: Missing option "access_token"
2022-12-02T03:16:43+00:00 DEBUG Tt4b_Pixel_Class::inject_start_checkout: hit injectStartCheckout
2022-12-02T03:16:43+00:00 DEBUG Tt4b_Pixel_Class::inject_start_checkout: Missing option "access_token"
2022-12-02T03:16:44+00:00 DEBUG Tt4b_Pixel_Class::inject_start_checkout: hit injectStartCheckout
2022-12-02T03:16:44+00:00 DEBUG Tt4b_Pixel_Class::inject_start_checkout: Missing option "access_token"
2022-12-02T03:16:45+00:00 DEBUG Tt4b_Pixel_Class::inject_start_checkout: hit injectStartCheckout
2022-12-02T03:16:45+00:00 DEBUG Tt4b_Pixel_Class::inject_start_checkout: Missing option "access_token"
2022-12-02T03:17:11+00:00 DEBUG Tt4b_Pixel_Class::inject_start_checkout: hit injectStartCheckout
2022-12-02T03:17:11+00:00 DEBUG Tt4b_Pixel_Class::inject_start_checkout: Missing option "access_token"
2022-12-02T03:17:25+00:00 DEBUG Tt4b_Pixel_Class::inject_start_checkout: hit injectStartCheckout
2022-12-02T03:17:25+00:00 DEBUG Tt4b_Pixel_Class::inject_start_checkout: Missing option "access_token"
2022-12-02T03:17:32+00:00 DEBUG Tt4b_Pixel_Class::inject_start_checkout: hit injectStartCheckout
2022-12-02T03:17:32+00:00 DEBUG Tt4b_Pixel_Class::inject_start_checkout: Missing option "access_token"
2022-12-02T03:17:40+00:00 DEBUG Tt4b_Pixel_Class::inject_start_checkout: hit injectStartCheckout
2022-12-02T03:17:40+00:00 DEBUG Tt4b_Pixel_Class::inject_start_checkout: Missing option "access_token"
2022-12-02T03:17:46+00:00 DEBUG Tt4b_Pixel_Class::inject_start_checkout: hit injectStartCheckout
2022-12-02T03:17:46+00:00 DEBUG Tt4b_Pixel_Class::inject_start_checkout: Missing option "access_token"
2022-12-02T04:26:17+00:00 DEBUG Tt4b_Pixel_Class::inject_start_checkout: hit injectStartCheckout
2022-12-02T04:26:17+00:00 DEBUG Tt4b_Pixel_Class::inject_start_checkout: Missing option "access_token"
2022-12-02T04:26:20+00:00 DEBUG Tt4b_Pixel_Class::inject_start_checkout: hit injectStartCheckout
2022-12-02T04:26:20+00:00 DEBUG Tt4b_Pixel_Class::inject_start_checkout: Missing option "access_token"
2022-12-02T04:27:06+00:00 DEBUG Tt4b_Pixel_Class::inject_start_checkout: hit injectStartCheckout
2022-12-02T04:27:06+00:00 DEBUG Tt4b_Pixel_Class::inject_start_checkout: Missing option "access_token"
2022-12-02T04:27:07+00:00 DEBUG Tt4b_Pixel_Class::inject_start_checkout: hit injectStartCheckout
2022-12-02T04:27:07+00:00 DEBUG Tt4b_Pixel_Class::inject_start_checkout: Missing option "access_token"
2022-12-02T04:27:09+00:00 DEBUG Tt4b_Pixel_Class::inject_start_checkout: hit injectStartCheckout
2022-12-02T04:27:09+00:00 DEBUG Tt4b_Pixel_Class::inject_start_checkout: Missing option "access_token"
2022-12-02T04:27:13+00:00 DEBUG Tt4b_Pixel_Class::inject_start_checkout: hit injectStartCheckout
2022-12-02T04:27:13+00:00 DEBUG Tt4b_Pixel_Class::inject_start_checkout: Missing option "access_token"
2022-12-02T06:53:03+00:00 DEBUG Tt4b_Pixel_Class::inject_start_checkout: hit injectStartCheckout
2022-12-02T06:53:03+00:00 DEBUG Tt4b_Pixel_Class::inject_start_checkout: Missing option "access_token"
2022-12-02T06:54:39+00:00 DEBUG Tt4b_Pixel_Class::inject_purchase_event: hit injectPurchaseEvent
2022-12-02T06:54:39+00:00 DEBUG Tt4b_Pixel_Class::inject_purchase_event: Missing option "access_token"
2022-12-02T07:00:21+00:00 DEBUG Tt4b_Pixel_Class::inject_add_to_cart_event: hit injectAddToCartEvent
2022-12-02T07:00:21+00:00 DEBUG Tt4b_Pixel_Class::inject_add_to_cart_event: Missing option "access_token"
2022-12-02T07:00:33+00:00 DEBUG Tt4b_Pixel_Class::inject_start_checkout: hit injectStartCheckout
2022-12-02T07:00:33+00:00 DEBUG Tt4b_Pixel_Class::inject_start_checkout: Missing option "access_token"
2022-12-02T07:08:43+00:00 DEBUG Tt4b_Pixel_Class::inject_start_checkout: hit injectStartCheckout
2022-12-02T07:08:43+00:00 DEBUG Tt4b_Pixel_Class::inject_start_checkout: Missing option "access_token"
2022-12-02T07:08:49+00:00 DEBUG Tt4b_Pixel_Class::inject_start_checkout: hit injectStartCheckout
2022-12-02T07:08:49+00:00 DEBUG Tt4b_Pixel_Class::inject_start_checkout: Missing option "access_token"
2022-12-02T07:11:03+00:00 DEBUG Tt4b_Pixel_Class::inject_start_checkout: hit injectStartCheckout
2022-12-02T07:11:03+00:00 DEBUG Tt4b_Pixel_Class::inject_start_checkout: Missing option "access_token"
2022-12-02T07:11:55+00:00 DEBUG Tt4b_Pixel_Class::inject_start_checkout: hit injectStartCheckout
2022-12-02T07:11:55+00:00 DEBUG Tt4b_Pixel_Class::inject_start_checkout: Missing option "access_token"
2022-12-02T07:12:07+00:00 DEBUG Tt4b_Pixel_Class::inject_start_checkout: hit injectStartCheckout
2022-12-02T07:12:07+00:00 DEBUG Tt4b_Pixel_Class::inject_start_checkout: Missing option "access_token"
2022-12-02T07:12:20+00:00 DEBUG Tt4b_Pixel_Class::inject_start_checkout: hit injectStartCheckout
2022-12-02T07:12:20+00:00 DEBUG Tt4b_Pixel_Class::inject_start_checkout: Missing option "access_token"
2022-12-02T07:12:26+00:00 DEBUG Tt4b_Pixel_Class::inject_start_checkout: hit injectStartCheckout
2022-12-02T07:12:26+00:00 DEBUG Tt4b_Pixel_Class::inject_start_checkout: Missing option "access_token"
2022-12-02T07:12:37+00:00 DEBUG Tt4b_Pixel_Class::inject_start_checkout: hit injectStartCheckout
2022-12-02T07:12:37+00:00 DEBUG Tt4b_Pixel_Class::inject_start_checkout: Missing option "access_token"
2022-12-02T07:12:50+00:00 DEBUG Tt4b_Pixel_Class::inject_start_checkout: hit injectStartCheckout
2022-12-02T07:12:50+00:00 DEBUG Tt4b_Pixel_Class::inject_start_checkout: Missing option "access_token"
2022-12-02T07:13:58+00:00 DEBUG Tt4b_Pixel_Class::inject_start_checkout: hit injectStartCheckout
2022-12-02T07:13:58+00:00 DEBUG Tt4b_Pixel_Class::inject_start_checkout: Missing option "access_token"
2022-12-02T07:14:45+00:00 DEBUG Tt4b_Pixel_Class::inject_start_checkout: hit injectStartCheckout
2022-12-02T07:14:45+00:00 DEBUG Tt4b_Pixel_Class::inject_start_checkout: Missing option "access_token"
2022-12-02T07:15:10+00:00 DEBUG Tt4b_Pixel_Class::inject_start_checkout: hit injectStartCheckout
2022-12-02T07:15:10+00:00 DEBUG Tt4b_Pixel_Class::inject_start_checkout: Missing option "access_token"
2022-12-02T07:15:23+00:00 DEBUG Tt4b_Pixel_Class::inject_start_checkout: hit injectStartCheckout
2022-12-02T07:15:23+00:00 DEBUG Tt4b_Pixel_Class::inject_start_checkout: Missing option "access_token"
2022-12-02T07:15:44+00:00 DEBUG Tt4b_Pixel_Class::inject_start_checkout: hit injectStartCheckout
2022-12-02T07:15:44+00:00 DEBUG Tt4b_Pixel_Class::inject_start_checkout: Missing option "access_token"
2022-12-02T07:16:00+00:00 DEBUG Tt4b_Pixel_Class::inject_start_checkout: hit injectStartCheckout
2022-12-02T07:16:00+00:00 DEBUG Tt4b_Pixel_Class::inject_start_checkout: Missing option "access_token"
2022-12-02T07:16:09+00:00 DEBUG Tt4b_Pixel_Class::inject_start_checkout: hit injectStartCheckout
2022-12-02T07:16:09+00:00 DEBUG Tt4b_Pixel_Class::inject_start_checkout: Missing option "access_token"
2022-12-02T07:43:59+00:00 DEBUG Tt4b_Pixel_Class::inject_start_checkout: hit injectStartCheckout
2022-12-02T07:43:59+00:00 DEBUG Tt4b_Pixel_Class::inject_start_checkout: Missing option "access_token"
2022-12-02T07:44:37+00:00 DEBUG Tt4b_Pixel_Class::inject_start_checkout: hit injectStartCheckout
2022-12-02T07:44:37+00:00 DEBUG Tt4b_Pixel_Class::inject_start_checkout: Missing option "access_token"
2022-12-02T07:44:46+00:00 DEBUG Tt4b_Pixel_Class::inject_start_checkout: hit injectStartCheckout
2022-12-02T07:44:46+00:00 DEBUG Tt4b_Pixel_Class::inject_start_checkout: Missing option "access_token"
2022-12-02T07:46:43+00:00 DEBUG Tt4b_Pixel_Class::inject_start_checkout: hit injectStartCheckout
2022-12-02T07:46:43+00:00 DEBUG Tt4b_Pixel_Class::inject_start_checkout: Missing option "access_token"
2022-12-02T07:47:01+00:00 DEBUG Tt4b_Pixel_Class::inject_start_checkout: hit injectStartCheckout
2022-12-02T07:47:01+00:00 DEBUG Tt4b_Pixel_Class::inject_start_checkout: Missing option "access_token"
2022-12-02T07:48:07+00:00 DEBUG Tt4b_Pixel_Class::inject_start_checkout: hit injectStartCheckout
2022-12-02T07:48:07+00:00 DEBUG Tt4b_Pixel_Class::inject_start_checkout: Missing option "access_token"
2022-12-02T07:48:18+00:00 DEBUG Tt4b_Pixel_Class::inject_start_checkout: hit injectStartCheckout
2022-12-02T07:48:18+00:00 DEBUG Tt4b_Pixel_Class::inject_start_checkout: Missing option "access_token"
2022-12-02T07:50:07+00:00 DEBUG Tt4b_Pixel_Class::inject_start_checkout: hit injectStartCheckout
2022-12-02T07:50:07+00:00 DEBUG Tt4b_Pixel_Class::inject_start_checkout: Missing option "access_token"
2022-12-02T07:52:01+00:00 DEBUG Tt4b_Pixel_Class::inject_start_checkout: hit injectStartCheckout
2022-12-02T07:52:01+00:00 DEBUG Tt4b_Pixel_Class::inject_start_checkout: Missing option "access_token"
2022-12-02T07:52:18+00:00 DEBUG Tt4b_Pixel_Class::inject_start_checkout: hit injectStartCheckout
2022-12-02T07:52:18+00:00 DEBUG Tt4b_Pixel_Class::inject_start_checkout: Missing option "access_token"
2022-12-02T07:54:00+00:00 DEBUG Tt4b_Pixel_Class::inject_start_checkout: hit injectStartCheckout
2022-12-02T07:54:00+00:00 DEBUG Tt4b_Pixel_Class::inject_start_checkout: Missing option "access_token"
2022-12-02T07:54:42+00:00 DEBUG Tt4b_Pixel_Class::inject_start_checkout: hit injectStartCheckout
2022-12-02T07:54:42+00:00 DEBUG Tt4b_Pixel_Class::inject_start_checkout: Missing option "access_token"
2022-12-02T07:55:12+00:00 DEBUG Tt4b_Pixel_Class::inject_start_checkout: hit injectStartCheckout
2022-12-02T07:55:12+00:00 DEBUG Tt4b_Pixel_Class::inject_start_checkout: Missing option "access_token"
2022-12-02T07:56:23+00:00 DEBUG Tt4b_Pixel_Class::inject_start_checkout: hit injectStartCheckout
2022-12-02T07:56:23+00:00 DEBUG Tt4b_Pixel_Class::inject_start_checkout: Missing option "access_token"
2022-12-02T07:56:30+00:00 DEBUG Tt4b_Pixel_Class::inject_start_checkout: hit injectStartCheckout
2022-12-02T07:56:30+00:00 DEBUG Tt4b_Pixel_Class::inject_start_checkout: Missing option "access_token"
2022-12-02T07:56:49+00:00 DEBUG Tt4b_Pixel_Class::inject_start_checkout: hit injectStartCheckout
2022-12-02T07:56:49+00:00 DEBUG Tt4b_Pixel_Class::inject_start_checkout: Missing option "access_token"
2022-12-02T07:57:04+00:00 DEBUG Tt4b_Pixel_Class::inject_start_checkout: hit injectStartCheckout
2022-12-02T07:57:04+00:00 DEBUG Tt4b_Pixel_Class::inject_start_checkout: Missing option "access_token"
2022-12-02T07:57:11+00:00 DEBUG Tt4b_Pixel_Class::inject_start_checkout: hit injectStartCheckout
2022-12-02T07:57:11+00:00 DEBUG Tt4b_Pixel_Class::inject_start_checkout: Missing option "access_token"
2022-12-02T07:58:28+00:00 DEBUG Tt4b_Pixel_Class::inject_start_checkout: hit injectStartCheckout
2022-12-02T07:58:28+00:00 DEBUG Tt4b_Pixel_Class::inject_start_checkout: Missing option "access_token"
2022-12-02T07:58:54+00:00 DEBUG Tt4b_Pixel_Class::inject_purchase_event: hit injectPurchaseEvent
2022-12-02T07:58:54+00:00 DEBUG Tt4b_Pixel_Class::inject_purchase_event: Missing option "access_token"
2022-12-02T07:59:05+00:00 DEBUG Tt4b_Pixel_Class::inject_add_to_cart_event: hit injectAddToCartEvent
2022-12-02T07:59:05+00:00 DEBUG Tt4b_Pixel_Class::inject_add_to_cart_event: Missing option "access_token"
2022-12-02T07:59:09+00:00 DEBUG Tt4b_Pixel_Class::inject_start_checkout: hit injectStartCheckout
2022-12-02T07:59:09+00:00 DEBUG Tt4b_Pixel_Class::inject_start_checkout: Missing option "access_token"
2022-12-02T07:59:31+00:00 DEBUG Tt4b_Pixel_Class::inject_start_checkout: hit injectStartCheckout
2022-12-02T07:59:31+00:00 DEBUG Tt4b_Pixel_Class::inject_start_checkout: Missing option "access_token"
2022-12-02T07:59:40+00:00 DEBUG Tt4b_Pixel_Class::inject_start_checkout: hit injectStartCheckout
2022-12-02T07:59:40+00:00 DEBUG Tt4b_Pixel_Class::inject_start_checkout: Missing option "access_token"
2022-12-02T07:59:49+00:00 DEBUG Tt4b_Pixel_Class::inject_start_checkout: hit injectStartCheckout
2022-12-02T07:59:49+00:00 DEBUG Tt4b_Pixel_Class::inject_start_checkout: Missing option "access_token"
2022-12-02T08:00:20+00:00 DEBUG Tt4b_Pixel_Class::inject_start_checkout: hit injectStartCheckout
2022-12-02T08:00:20+00:00 DEBUG Tt4b_Pixel_Class::inject_start_checkout: Missing option "access_token"
2022-12-02T08:00:53+00:00 DEBUG Tt4b_Pixel_Class::inject_start_checkout: hit injectStartCheckout
2022-12-02T08:00:53+00:00 DEBUG Tt4b_Pixel_Class::inject_start_checkout: Missing option "access_token"
2022-12-02T08:01:02+00:00 DEBUG Tt4b_Pixel_Class::inject_start_checkout: hit injectStartCheckout
2022-12-02T08:01:02+00:00 DEBUG Tt4b_Pixel_Class::inject_start_checkout: Missing option "access_token"
2022-12-02T08:01:08+00:00 DEBUG Tt4b_Pixel_Class::inject_start_checkout: hit injectStartCheckout
2022-12-02T08:01:08+00:00 DEBUG Tt4b_Pixel_Class::inject_start_checkout: Missing option "access_token"
2022-12-02T08:01:16+00:00 DEBUG Tt4b_Pixel_Class::inject_start_checkout: hit injectStartCheckout
2022-12-02T08:01:16+00:00 DEBUG Tt4b_Pixel_Class::inject_start_checkout: Missing option "access_token"
2022-12-02T08:01:29+00:00 DEBUG Tt4b_Pixel_Class::inject_start_checkout: hit injectStartCheckout
2022-12-02T08:01:29+00:00 DEBUG Tt4b_Pixel_Class::inject_start_checkout: Missing option "access_token"
2022-12-02T08:01:43+00:00 DEBUG Tt4b_Pixel_Class::inject_start_checkout: hit injectStartCheckout
2022-12-02T08:01:43+00:00 DEBUG Tt4b_Pixel_Class::inject_start_checkout: Missing option "access_token"
2022-12-02T08:01:56+00:00 DEBUG Tt4b_Pixel_Class::inject_start_checkout: hit injectStartCheckout
2022-12-02T08:01:56+00:00 DEBUG Tt4b_Pixel_Class::inject_start_checkout: Missing option "access_token"
2022-12-02T08:02:11+00:00 DEBUG Tt4b_Pixel_Class::inject_start_checkout: hit injectStartCheckout
2022-12-02T08:02:11+00:00 DEBUG Tt4b_Pixel_Class::inject_start_checkout: Missing option "access_token"
2022-12-02T08:02:16+00:00 DEBUG Tt4b_Pixel_Class::inject_start_checkout: hit injectStartCheckout
2022-12-02T08:02:16+00:00 DEBUG Tt4b_Pixel_Class::inject_start_checkout: Missing option "access_token"
2022-12-02T08:02:51+00:00 DEBUG Tt4b_Pixel_Class::inject_start_checkout: hit injectStartCheckout
2022-12-02T08:02:51+00:00 DEBUG Tt4b_Pixel_Class::inject_start_checkout: Missing option "access_token"
2022-12-02T08:03:01+00:00 DEBUG Tt4b_Pixel_Class::inject_start_checkout: hit injectStartCheckout
2022-12-02T08:03:01+00:00 DEBUG Tt4b_Pixel_Class::inject_start_checkout: Missing option "access_token"
2022-12-02T08:03:10+00:00 DEBUG Tt4b_Pixel_Class::inject_start_checkout: hit injectStartCheckout
2022-12-02T08:03:10+00:00 DEBUG Tt4b_Pixel_Class::inject_start_checkout: Missing option "access_token"
2022-12-02T08:03:22+00:00 DEBUG Tt4b_Pixel_Class::inject_start_checkout: hit injectStartCheckout
2022-12-02T08:03:22+00:00 DEBUG Tt4b_Pixel_Class::inject_start_checkout: Missing option "access_token"
2022-12-02T08:03:31+00:00 DEBUG Tt4b_Pixel_Class::inject_start_checkout: hit injectStartCheckout
2022-12-02T08:03:31+00:00 DEBUG Tt4b_Pixel_Class::inject_start_checkout: Missing option "access_token"
2022-12-02T08:03:39+00:00 DEBUG Tt4b_Pixel_Class::inject_start_checkout: hit injectStartCheckout
2022-12-02T08:03:39+00:00 DEBUG Tt4b_Pixel_Class::inject_start_checkout: Missing option "access_token"
2022-12-02T08:03:53+00:00 DEBUG Tt4b_Pixel_Class::inject_start_checkout: hit injectStartCheckout
2022-12-02T08:03:53+00:00 DEBUG Tt4b_Pixel_Class::inject_start_checkout: Missing option "access_token"
2022-12-02T08:04:01+00:00 DEBUG Tt4b_Pixel_Class::inject_start_checkout: hit injectStartCheckout
2022-12-02T08:04:01+00:00 DEBUG Tt4b_Pixel_Class::inject_start_checkout: Missing option "access_token"
2022-12-02T08:04:09+00:00 DEBUG Tt4b_Pixel_Class::inject_start_checkout: hit injectStartCheckout
2022-12-02T08:04:09+00:00 DEBUG Tt4b_Pixel_Class::inject_start_checkout: Missing option "access_token"
2022-12-02T08:04:18+00:00 DEBUG Tt4b_Pixel_Class::inject_start_checkout: hit injectStartCheckout
2022-12-02T08:04:18+00:00 DEBUG Tt4b_Pixel_Class::inject_start_checkout: Missing option "access_token"
2022-12-02T08:04:24+00:00 DEBUG Tt4b_Pixel_Class::inject_start_checkout: hit injectStartCheckout
2022-12-02T08:04:24+00:00 DEBUG Tt4b_Pixel_Class::inject_start_checkout: Missing option "access_token"
2022-12-02T08:09:14+00:00 DEBUG Tt4b_Pixel_Class::inject_start_checkout: hit injectStartCheckout
2022-12-02T08:09:14+00:00 DEBUG Tt4b_Pixel_Class::inject_start_checkout: Missing option "access_token"
2022-12-02T08:09:20+00:00 DEBUG Tt4b_Pixel_Class::inject_start_checkout: hit injectStartCheckout
2022-12-02T08:09:20+00:00 DEBUG Tt4b_Pixel_Class::inject_start_checkout: Missing option "access_token"
2022-12-02T08:09:51+00:00 DEBUG Tt4b_Pixel_Class::inject_start_checkout: hit injectStartCheckout
2022-12-02T08:09:51+00:00 DEBUG Tt4b_Pixel_Class::inject_start_checkout: Missing option "access_token"
2022-12-02T08:10:10+00:00 DEBUG Tt4b_Pixel_Class::inject_start_checkout: hit injectStartCheckout
2022-12-02T08:10:10+00:00 DEBUG Tt4b_Pixel_Class::inject_start_checkout: Missing option "access_token"
2022-12-02T08:12:50+00:00 DEBUG Tt4b_Pixel_Class::inject_start_checkout: hit injectStartCheckout
2022-12-02T08:12:50+00:00 DEBUG Tt4b_Pixel_Class::inject_start_checkout: Missing option "access_token"
2022-12-02T08:14:41+00:00 DEBUG Tt4b_Pixel_Class::inject_start_checkout: hit injectStartCheckout
2022-12-02T08:14:41+00:00 DEBUG Tt4b_Pixel_Class::inject_start_checkout: Missing option "access_token"
2022-12-02T08:16:49+00:00 DEBUG Tt4b_Pixel_Class::inject_start_checkout: hit injectStartCheckout
2022-12-02T08:16:49+00:00 DEBUG Tt4b_Pixel_Class::inject_start_checkout: Missing option "access_token"
2022-12-02T08:17:01+00:00 DEBUG Tt4b_Pixel_Class::inject_start_checkout: hit injectStartCheckout
2022-12-02T08:17:01+00:00 DEBUG Tt4b_Pixel_Class::inject_start_checkout: Missing option "access_token"
2022-12-02T08:18:24+00:00 DEBUG Tt4b_Pixel_Class::inject_start_checkout: hit injectStartCheckout
2022-12-02T08:18:24+00:00 DEBUG Tt4b_Pixel_Class::inject_start_checkout: Missing option "access_token"
2022-12-02T08:18:38+00:00 DEBUG Tt4b_Pixel_Class::inject_start_checkout: hit injectStartCheckout
2022-12-02T08:18:38+00:00 DEBUG Tt4b_Pixel_Class::inject_start_checkout: Missing option "access_token"
2022-12-02T08:24:19+00:00 DEBUG Tt4b_Pixel_Class::inject_start_checkout: hit injectStartCheckout
2022-12-02T08:24:19+00:00 DEBUG Tt4b_Pixel_Class::inject_start_checkout: Missing option "access_token"
2022-12-02T08:25:20+00:00 DEBUG Tt4b_Pixel_Class::inject_start_checkout: hit injectStartCheckout
2022-12-02T08:25:20+00:00 DEBUG Tt4b_Pixel_Class::inject_start_checkout: Missing option "access_token"
2022-12-02T08:25:41+00:00 DEBUG Tt4b_Pixel_Class::inject_start_checkout: hit injectStartCheckout
2022-12-02T08:25:41+00:00 DEBUG Tt4b_Pixel_Class::inject_start_checkout: Missing option "access_token"
2022-12-02T08:26:13+00:00 DEBUG Tt4b_Pixel_Class::inject_start_checkout: hit injectStartCheckout
2022-12-02T08:26:13+00:00 DEBUG Tt4b_Pixel_Class::inject_start_checkout: Missing option "access_token"
2022-12-02T08:27:23+00:00 DEBUG Tt4b_Pixel_Class::inject_start_checkout: hit injectStartCheckout
2022-12-02T08:27:23+00:00 DEBUG Tt4b_Pixel_Class::inject_start_checkout: Missing option "access_token"
2022-12-02T08:27:31+00:00 DEBUG Tt4b_Pixel_Class::inject_start_checkout: hit injectStartCheckout
2022-12-02T08:27:31+00:00 DEBUG Tt4b_Pixel_Class::inject_start_checkout: Missing option "access_token"
2022-12-02T08:28:50+00:00 DEBUG Tt4b_Pixel_Class::inject_start_checkout: hit injectStartCheckout
2022-12-02T08:28:50+00:00 DEBUG Tt4b_Pixel_Class::inject_start_checkout: Missing option "access_token"
2022-12-02T08:31:21+00:00 DEBUG Tt4b_Pixel_Class::inject_start_checkout: hit injectStartCheckout
2022-12-02T08:31:21+00:00 DEBUG Tt4b_Pixel_Class::inject_start_checkout: Missing option "access_token"
2022-12-02T08:31:34+00:00 DEBUG Tt4b_Pixel_Class::inject_start_checkout: hit injectStartCheckout
2022-12-02T08:31:34+00:00 DEBUG Tt4b_Pixel_Class::inject_start_checkout: Missing option "access_token"
2022-12-02T08:31:45+00:00 DEBUG Tt4b_Pixel_Class::inject_start_checkout: hit injectStartCheckout
2022-12-02T08:31:45+00:00 DEBUG Tt4b_Pixel_Class::inject_start_checkout: Missing option "access_token"
2022-12-02T08:31:59+00:00 DEBUG Tt4b_Pixel_Class::inject_start_checkout: hit injectStartCheckout
2022-12-02T08:31:59+00:00 DEBUG Tt4b_Pixel_Class::inject_start_checkout: Missing option "access_token"
2022-12-02T08:32:52+00:00 DEBUG Tt4b_Pixel_Class::inject_start_checkout: hit injectStartCheckout
2022-12-02T08:32:52+00:00 DEBUG Tt4b_Pixel_Class::inject_start_checkout: Missing option "access_token"
2022-12-02T08:33:02+00:00 DEBUG Tt4b_Pixel_Class::inject_start_checkout: hit injectStartCheckout
2022-12-02T08:33:02+00:00 DEBUG Tt4b_Pixel_Class::inject_start_checkout: Missing option "access_token"
2022-12-02T08:33:10+00:00 DEBUG Tt4b_Pixel_Class::inject_start_checkout: hit injectStartCheckout
2022-12-02T08:33:10+00:00 DEBUG Tt4b_Pixel_Class::inject_start_checkout: Missing option "access_token"
2022-12-02T08:33:15+00:00 DEBUG Tt4b_Pixel_Class::inject_start_checkout: hit injectStartCheckout
2022-12-02T08:33:15+00:00 DEBUG Tt4b_Pixel_Class::inject_start_checkout: Missing option "access_token"
2022-12-02T08:33:32+00:00 DEBUG Tt4b_Pixel_Class::inject_start_checkout: hit injectStartCheckout
2022-12-02T08:33:32+00:00 DEBUG Tt4b_Pixel_Class::inject_start_checkout: Missing option "access_token"
2022-12-02T08:33:39+00:00 DEBUG Tt4b_Pixel_Class::inject_start_checkout: hit injectStartCheckout
2022-12-02T08:33:39+00:00 DEBUG Tt4b_Pixel_Class::inject_start_checkout: Missing option "access_token"
2022-12-02T08:34:12+00:00 DEBUG Tt4b_Pixel_Class::inject_start_checkout: hit injectStartCheckout
2022-12-02T08:34:12+00:00 DEBUG Tt4b_Pixel_Class::inject_start_checkout: Missing option "access_token"
2022-12-02T08:34:30+00:00 DEBUG Tt4b_Pixel_Class::inject_start_checkout: hit injectStartCheckout
2022-12-02T08:34:30+00:00 DEBUG Tt4b_Pixel_Class::inject_start_checkout: Missing option "access_token"
2022-12-02T08:34:58+00:00 DEBUG Tt4b_Pixel_Class::inject_start_checkout: hit injectStartCheckout
2022-12-02T08:34:58+00:00 DEBUG Tt4b_Pixel_Class::inject_start_checkout: Missing option "access_token"
2022-12-02T08:39:52+00:00 DEBUG Tt4b_Pixel_Class::inject_start_checkout: hit injectStartCheckout
2022-12-02T08:39:52+00:00 DEBUG Tt4b_Pixel_Class::inject_start_checkout: Missing option "access_token"
2022-12-02T08:41:56+00:00 DEBUG Tt4b_Pixel_Class::inject_start_checkout: hit injectStartCheckout
2022-12-02T08:41:56+00:00 DEBUG Tt4b_Pixel_Class::inject_start_checkout: Missing option "access_token"
2022-12-02T08:42:11+00:00 DEBUG Tt4b_Pixel_Class::inject_start_checkout: hit injectStartCheckout
2022-12-02T08:42:11+00:00 DEBUG Tt4b_Pixel_Class::inject_start_checkout: Missing option "access_token"
2022-12-02T08:45:28+00:00 DEBUG Tt4b_Pixel_Class::inject_start_checkout: hit injectStartCheckout
2022-12-02T08:45:28+00:00 DEBUG Tt4b_Pixel_Class::inject_start_checkout: Missing option "access_token"
2022-12-02T08:45:41+00:00 DEBUG Tt4b_Pixel_Class::inject_start_checkout: hit injectStartCheckout
2022-12-02T08:45:41+00:00 DEBUG Tt4b_Pixel_Class::inject_start_checkout: Missing option "access_token"
2022-12-02T08:47:40+00:00 DEBUG Tt4b_Pixel_Class::inject_start_checkout: hit injectStartCheckout
2022-12-02T08:47:40+00:00 DEBUG Tt4b_Pixel_Class::inject_start_checkout: Missing option "access_token"
2022-12-02T08:48:00+00:00 DEBUG Tt4b_Pixel_Class::inject_start_checkout: hit injectStartCheckout
2022-12-02T08:48:00+00:00 DEBUG Tt4b_Pixel_Class::inject_start_checkout: Missing option "access_token"
2022-12-02T08:55:01+00:00 DEBUG Tt4b_Pixel_Class::inject_start_checkout: hit injectStartCheckout
2022-12-02T08:55:01+00:00 DEBUG Tt4b_Pixel_Class::inject_start_checkout: Missing option "access_token"
2022-12-02T08:55:29+00:00 DEBUG Tt4b_Pixel_Class::inject_start_checkout: hit injectStartCheckout
2022-12-02T08:55:29+00:00 DEBUG Tt4b_Pixel_Class::inject_start_checkout: Missing option "access_token"
2022-12-02T08:56:51+00:00 DEBUG Tt4b_Pixel_Class::inject_start_checkout: hit injectStartCheckout
2022-12-02T08:56:51+00:00 DEBUG Tt4b_Pixel_Class::inject_start_checkout: Missing option "access_token"
2022-12-02T08:57:12+00:00 DEBUG Tt4b_Pixel_Class::inject_start_checkout: hit injectStartCheckout
2022-12-02T08:57:12+00:00 DEBUG Tt4b_Pixel_Class::inject_start_checkout: Missing option "access_token"
2022-12-02T08:57:19+00:00 DEBUG Tt4b_Pixel_Class::inject_start_checkout: hit injectStartCheckout
2022-12-02T08:57:19+00:00 DEBUG Tt4b_Pixel_Class::inject_start_checkout: Missing option "access_token"
2022-12-02T08:57:25+00:00 DEBUG Tt4b_Pixel_Class::inject_start_checkout: hit injectStartCheckout
2022-12-02T08:57:25+00:00 DEBUG Tt4b_Pixel_Class::inject_start_checkout: Missing option "access_token"
2022-12-02T08:57:30+00:00 DEBUG Tt4b_Pixel_Class::inject_start_checkout: hit injectStartCheckout
2022-12-02T08:57:30+00:00 DEBUG Tt4b_Pixel_Class::inject_start_checkout: Missing option "access_token"
2022-12-02T09:02:00+00:00 DEBUG Tt4b_Pixel_Class::inject_start_checkout: hit injectStartCheckout
2022-12-02T09:02:00+00:00 DEBUG Tt4b_Pixel_Class::inject_start_checkout: Missing option "access_token"
2022-12-02T09:02:24+00:00 DEBUG Tt4b_Pixel_Class::inject_start_checkout: hit injectStartCheckout
2022-12-02T09:02:24+00:00 DEBUG Tt4b_Pixel_Class::inject_start_checkout: Missing option "access_token"
2022-12-02T09:03:07+00:00 DEBUG Tt4b_Pixel_Class::inject_start_checkout: hit injectStartCheckout
2022-12-02T09:03:07+00:00 DEBUG Tt4b_Pixel_Class::inject_start_checkout: Missing option "access_token"
2022-12-02T09:05:09+00:00 DEBUG Tt4b_Pixel_Class::inject_start_checkout: hit injectStartCheckout
2022-12-02T09:05:09+00:00 DEBUG Tt4b_Pixel_Class::inject_start_checkout: Missing option "access_token"
2022-12-02T09:06:41+00:00 DEBUG Tt4b_Pixel_Class::inject_start_checkout: hit injectStartCheckout
2022-12-02T09:06:41+00:00 DEBUG Tt4b_Pixel_Class::inject_start_checkout: Missing option "access_token"
2022-12-02T09:08:46+00:00 DEBUG Tt4b_Pixel_Class::inject_start_checkout: hit injectStartCheckout
2022-12-02T09:08:46+00:00 DEBUG Tt4b_Pixel_Class::inject_start_checkout: Missing option "access_token"
2022-12-02T09:09:28+00:00 DEBUG Tt4b_Pixel_Class::inject_start_checkout: hit injectStartCheckout
2022-12-02T09:09:28+00:00 DEBUG Tt4b_Pixel_Class::inject_start_checkout: Missing option "access_token"
2022-12-02T09:10:16+00:00 DEBUG Tt4b_Pixel_Class::inject_start_checkout: hit injectStartCheckout
2022-12-02T09:10:16+00:00 DEBUG Tt4b_Pixel_Class::inject_start_checkout: Missing option "access_token"
2022-12-02T09:10:40+00:00 DEBUG Tt4b_Pixel_Class::inject_start_checkout: hit injectStartCheckout
2022-12-02T09:10:40+00:00 DEBUG Tt4b_Pixel_Class::inject_start_checkout: Missing option "access_token"
2022-12-02T09:10:59+00:00 DEBUG Tt4b_Pixel_Class::inject_start_checkout: hit injectStartCheckout
2022-12-02T09:10:59+00:00 DEBUG Tt4b_Pixel_Class::inject_start_checkout: Missing option "access_token"
2022-12-02T09:11:03+00:00 DEBUG Tt4b_Pixel_Class::inject_start_checkout: hit injectStartCheckout
2022-12-02T09:11:03+00:00 DEBUG Tt4b_Pixel_Class::inject_start_checkout: Missing option "access_token"
2022-12-02T09:11:16+00:00 DEBUG Tt4b_Pixel_Class::inject_start_checkout: hit injectStartCheckout
2022-12-02T09:11:16+00:00 DEBUG Tt4b_Pixel_Class::inject_start_checkout: Missing option "access_token"
2022-12-02T09:12:59+00:00 DEBUG Tt4b_Pixel_Class::inject_start_checkout: hit injectStartCheckout
2022-12-02T09:12:59+00:00 DEBUG Tt4b_Pixel_Class::inject_start_checkout: Missing option "access_token"
2022-12-02T09:13:14+00:00 DEBUG Tt4b_Pixel_Class::inject_start_checkout: hit injectStartCheckout
2022-12-02T09:13:14+00:00 DEBUG Tt4b_Pixel_Class::inject_start_checkout: Missing option "access_token"
2022-12-02T09:14:54+00:00 DEBUG Tt4b_Pixel_Class::inject_start_checkout: hit injectStartCheckout
2022-12-02T09:14:54+00:00 DEBUG Tt4b_Pixel_Class::inject_start_checkout: Missing option "access_token"
2022-12-02T09:16:27+00:00 DEBUG Tt4b_Pixel_Class::inject_start_checkout: hit injectStartCheckout
2022-12-02T09:16:27+00:00 DEBUG Tt4b_Pixel_Class::inject_start_checkout: Missing option "access_token"
2022-12-02T09:17:29+00:00 DEBUG Tt4b_Pixel_Class::inject_start_checkout: hit injectStartCheckout
2022-12-02T09:17:29+00:00 DEBUG Tt4b_Pixel_Class::inject_start_checkout: Missing option "access_token"
2022-12-02T09:18:32+00:00 DEBUG Tt4b_Pixel_Class::inject_start_checkout: hit injectStartCheckout
2022-12-02T09:18:32+00:00 DEBUG Tt4b_Pixel_Class::inject_start_checkout: Missing option "access_token"
2022-12-02T09:19:29+00:00 DEBUG Tt4b_Pixel_Class::inject_start_checkout: hit injectStartCheckout
2022-12-02T09:19:29+00:00 DEBUG Tt4b_Pixel_Class::inject_start_checkout: Missing option "access_token"
2022-12-02T09:20:35+00:00 DEBUG Tt4b_Pixel_Class::inject_start_checkout: hit injectStartCheckout
2022-12-02T09:20:35+00:00 DEBUG Tt4b_Pixel_Class::inject_start_checkout: Missing option "access_token"
2022-12-02T09:20:58+00:00 DEBUG Tt4b_Pixel_Class::inject_start_checkout: hit injectStartCheckout
2022-12-02T09:20:58+00:00 DEBUG Tt4b_Pixel_Class::inject_start_checkout: Missing option "access_token"
2022-12-02T09:22:21+00:00 DEBUG Tt4b_Pixel_Class::inject_start_checkout: hit injectStartCheckout
2022-12-02T09:22:21+00:00 DEBUG Tt4b_Pixel_Class::inject_start_checkout: Missing option "access_token"
2022-12-02T09:22:27+00:00 DEBUG Tt4b_Pixel_Class::inject_start_checkout: hit injectStartCheckout
2022-12-02T09:22:27+00:00 DEBUG Tt4b_Pixel_Class::inject_start_checkout: Missing option "access_token"
2022-12-02T09:23:32+00:00 DEBUG Tt4b_Pixel_Class::inject_purchase_event: hit injectPurchaseEvent
2022-12-02T09:23:32+00:00 DEBUG Tt4b_Pixel_Class::inject_purchase_event: Missing option "access_token"
2022-12-02T09:23:47+00:00 DEBUG Tt4b_Pixel_Class::inject_add_to_cart_event: hit injectAddToCartEvent
2022-12-02T09:23:47+00:00 DEBUG Tt4b_Pixel_Class::inject_add_to_cart_event: Missing option "access_token"
2022-12-02T09:23:53+00:00 DEBUG Tt4b_Pixel_Class::inject_start_checkout: hit injectStartCheckout
2022-12-02T09:23:53+00:00 DEBUG Tt4b_Pixel_Class::inject_start_checkout: Missing option "access_token"
2022-12-02T09:28:37+00:00 DEBUG Tt4b_Pixel_Class::inject_start_checkout: hit injectStartCheckout
2022-12-02T09:28:37+00:00 DEBUG Tt4b_Pixel_Class::inject_start_checkout: Missing option "access_token"
2022-12-02T09:28:45+00:00 DEBUG Tt4b_Pixel_Class::inject_start_checkout: hit injectStartCheckout
2022-12-02T09:28:45+00:00 DEBUG Tt4b_Pixel_Class::inject_start_checkout: Missing option "access_token"
2022-12-02T09:28:53+00:00 DEBUG Tt4b_Pixel_Class::inject_start_checkout: hit injectStartCheckout
2022-12-02T09:28:53+00:00 DEBUG Tt4b_Pixel_Class::inject_start_checkout: Missing option "access_token"
2022-12-02T09:29:08+00:00 DEBUG Tt4b_Pixel_Class::inject_start_checkout: hit injectStartCheckout
2022-12-02T09:29:08+00:00 DEBUG Tt4b_Pixel_Class::inject_start_checkout: Missing option "access_token"
2022-12-02T09:29:17+00:00 DEBUG Tt4b_Pixel_Class::inject_purchase_event: hit injectPurchaseEvent
2022-12-02T09:29:17+00:00 DEBUG Tt4b_Pixel_Class::inject_purchase_event: Missing option "access_token"
2022-12-02T09:31:41+00:00 DEBUG Tt4b_Pixel_Class::inject_add_to_cart_event: hit injectAddToCartEvent
2022-12-02T09:31:41+00:00 DEBUG Tt4b_Pixel_Class::inject_add_to_cart_event: Missing option "access_token"
2022-12-02T09:31:44+00:00 DEBUG Tt4b_Pixel_Class::inject_start_checkout: hit injectStartCheckout
2022-12-02T09:31:44+00:00 DEBUG Tt4b_Pixel_Class::inject_start_checkout: Missing option "access_token"
2022-12-02T09:31:55+00:00 DEBUG Tt4b_Pixel_Class::inject_purchase_event: hit injectPurchaseEvent
2022-12-02T09:31:55+00:00 DEBUG Tt4b_Pixel_Class::inject_purchase_event: Missing option "access_token"
2022-12-02T09:32:11+00:00 DEBUG Tt4b_Pixel_Class::inject_add_to_cart_event: hit injectAddToCartEvent
2022-12-02T09:32:11+00:00 DEBUG Tt4b_Pixel_Class::inject_add_to_cart_event: Missing option "access_token"
2022-12-02T09:32:15+00:00 DEBUG Tt4b_Pixel_Class::inject_start_checkout: hit injectStartCheckout
2022-12-02T09:32:15+00:00 DEBUG Tt4b_Pixel_Class::inject_start_checkout: Missing option "access_token"
2022-12-02T09:34:46+00:00 DEBUG Tt4b_Pixel_Class::inject_start_checkout: hit injectStartCheckout
2022-12-02T09:34:46+00:00 DEBUG Tt4b_Pixel_Class::inject_start_checkout: Missing option "access_token"
2022-12-02T09:34:53+00:00 DEBUG Tt4b_Pixel_Class::inject_purchase_event: hit injectPurchaseEvent
2022-12-02T09:34:53+00:00 DEBUG Tt4b_Pixel_Class::inject_purchase_event: Missing option "access_token"
2022-12-02T09:38:22+00:00 DEBUG Tt4b_Pixel_Class::inject_add_to_cart_event: hit injectAddToCartEvent
2022-12-02T09:38:22+00:00 DEBUG Tt4b_Pixel_Class::inject_add_to_cart_event: Missing option "access_token"
2022-12-02T09:38:30+00:00 DEBUG Tt4b_Pixel_Class::inject_start_checkout: hit injectStartCheckout
2022-12-02T09:38:30+00:00 DEBUG Tt4b_Pixel_Class::inject_start_checkout: Missing option "access_token"
2022-12-02T09:38:35+00:00 DEBUG Tt4b_Pixel_Class::inject_purchase_event: hit injectPurchaseEvent
2022-12-02T09:38:35+00:00 DEBUG Tt4b_Pixel_Class::inject_purchase_event: Missing option "access_token"
2022-12-02T09:38:39+00:00 DEBUG Tt4b_Pixel_Class::inject_purchase_event: hit injectPurchaseEvent
2022-12-02T09:38:39+00:00 DEBUG Tt4b_Pixel_Class::inject_purchase_event: Missing option "access_token"
2022-12-02T09:58:21+00:00 DEBUG Tt4b_Pixel_Class::inject_add_to_cart_event: hit injectAddToCartEvent
2022-12-02T09:58:21+00:00 DEBUG Tt4b_Pixel_Class::inject_add_to_cart_event: Missing option "access_token"
2022-12-02T09:58:26+00:00 DEBUG Tt4b_Pixel_Class::inject_start_checkout: hit injectStartCheckout
2022-12-02T09:58:26+00:00 DEBUG Tt4b_Pixel_Class::inject_start_checkout: Missing option "access_token"
