2022-11-29T02:49:13+00:00 DEBUG 
====Stripe Version: 7.0.1====
====Start Log====
account
====End Log====


2022-11-29T04:06:24+00:00 DEBUG 
====Stripe Version: 7.0.1====
====Start Log====
account
====End Log====


2022-11-29T04:06:26+00:00 DEBUG 
====Stripe Version: 7.0.1====
====Start Log====
account
====End Log====


2022-11-29T04:18:17+00:00 DEBUG 
====Stripe Version: 7.0.1====
====Start Log====
tokens/pii_1M9LGuGar99af23DGoFAjq57 request: Array
(
)

====End Log====


2022-11-29T04:18:20+00:00 DEBUG 
====Stripe Version: 7.0.1====
====Start Log====
account
====End Log====


2022-11-29T04:18:22+00:00 DEBUG 
====Stripe Version: 7.0.1====
====Start Log====
account
====End Log====


2022-11-29T07:40:37+00:00 DEBUG 
====Stripe Version: 7.0.1====
====Start Log====
account
====End Log====


