2022-11-29T10:23:31+00:00 DEBUG 
====Stripe Version: 7.0.1====
====Start Log====
tokens/pii_1M9QyKAguxiPvYxjm5msiEDN request: Array
(
)

====End Log====


2022-11-29T10:24:00+00:00 DEBUG 
====Stripe Version: 7.0.1====
====Start Log====
tokens/pii_1M9QypAguxiPvYxjo1DAUWjH request: Array
(
)

====End Log====


2022-11-29T10:24:33+00:00 DEBUG 
====Stripe Version: 7.0.1====
====Start Log====
tokens/pii_1M9QzLAguxiPvYxjAFOlKAhA request: Array
(
)

====End Log====


2022-11-29T10:24:36+00:00 DEBUG 
====Stripe Version: 7.0.1====
====Start Log====
account
====End Log====


2022-11-29T10:25:12+00:00 DEBUG 
====Stripe Version: 7.0.1====
====Start Log====
tokens/pii_1M9QzxAguxiPvYxjc7zLJit5 request: Array
(
)

====End Log====


2022-11-29T10:25:35+00:00 DEBUG 
====Stripe Version: 7.0.1====
====Start Log====
tokens/pii_1M9R0MAguxiPvYxjdCYJ6wKx request: Array
(
)

====End Log====


2022-11-29T10:26:22+00:00 DEBUG 
====Stripe Version: 7.0.1====
====Start Log====
account
====End Log====


2022-11-29T10:26:25+00:00 DEBUG 
====Stripe Version: 7.0.1====
====Start Log====
tokens/pii_1M9R19Gar99af23DHoLryZMB request: Array
(
)

====End Log====


2022-11-29T10:26:30+00:00 DEBUG 
====Stripe Version: 7.0.1====
====Start Log====
tokens/pii_1M9R1FGar99af23Dj1IcytLO request: Array
(
)

====End Log====


2022-11-29T10:26:38+00:00 DEBUG 
====Stripe Version: 7.0.1====
====Start Log====
tokens/pii_1M9R1NGar99af23DTJfw0Fhw request: Array
(
)

====End Log====


2022-11-29T10:34:17+00:00 DEBUG 
====Stripe Version: 7.0.1====
====Start Log====
tokens/pii_1M9R8kAguxiPvYxjln2nkLLI request: Array
(
)

====End Log====


