2022-11-23T03:54:18+00:00 DEBUG 
====Stripe Version: 7.0.1====
====Start Log====
tokens/pii_1M7A2PL5j3vaW6NBDWrXfOUQ request: Array
(
)

====End Log====


2022-11-23T04:17:05+00:00 DEBUG 
====Stripe Version: 7.0.1====
====Start Log====
tokens/pii_1M7AORL5j3vaW6NBZxggbL4w request: Array
(
)

====End Log====


2022-11-23T04:17:09+00:00 DEBUG 
====Stripe Version: 7.0.1====
====Start Log====
account
====End Log====


2022-11-23T04:17:10+00:00 DEBUG 
====Stripe Version: 7.0.1====
====Start Log====
account
====End Log====


